        Placement Information by Vertex
        ===============================

Generated: Fri Feb  3 10:27:09 2017 for target machine '192.168.240.36'

**** Vertex: 'Excitatory_Cells'
Model: IFCondExp
Pop size: 1200
Machine Vertices: 
  Slice 0:49 (50 atoms) 
  Slice 50:99 (50 atoms) 
  Slice 100:149 (50 atoms) 
  Slice 150:199 (50 atoms) 
  Slice 200:249 (50 atoms) 
  Slice 250:299 (50 atoms) 
  Slice 300:349 (50 atoms) 
  Slice 350:399 (50 atoms) 
  Slice 400:449 (50 atoms) 
  Slice 450:499 (50 atoms) 
  Slice 500:549 (50 atoms) 
  Slice 550:599 (50 atoms) 
  Slice 600:649 (50 atoms) 
  Slice 650:699 (50 atoms) 
  Slice 700:749 (50 atoms) 
  Slice 750:799 (50 atoms) 
  Slice 800:849 (50 atoms) 
  Slice 850:899 (50 atoms) 
  Slice 900:949 (50 atoms) 
  Slice 950:999 (50 atoms) 
  Slice 1000:1049 (50 atoms) 
  Slice 1050:1099 (50 atoms) 
  Slice 1100:1149 (50 atoms) 
  Slice 1150:1199 (50 atoms) 

**** Vertex: 'Inhibitory_Cells'
Model: IFCondExp
Pop size: 300
Machine Vertices: 
  Slice 0:49 (50 atoms) 
  Slice 50:99 (50 atoms) 
  Slice 100:149 (50 atoms) 
  Slice 150:199 (50 atoms) 
  Slice 200:249 (50 atoms) 
  Slice 250:299 (50 atoms) 

**** Vertex: 'expoisson'
Model: SpikeSourcePoisson
Pop size: 20
Machine Vertices: 
  Slice 0:19 (20 atoms) 

