Vertex: Excitatory_Cells:250:299 
edge:Excitatory_Cells:250:299:Excitatory_Cells:0:49, keys_and_masks:[KeyAndMask:0x180L:0xffffffc0] 
edge:Excitatory_Cells:250:299:Excitatory_Cells:450:499, keys_and_masks:[KeyAndMask:0x180L:0xffffffc0] 
edge:Excitatory_Cells:250:299:Excitatory_Cells:1050:1099, keys_and_masks:[KeyAndMask:0x180L:0xffffffc0] 
edge:Excitatory_Cells:250:299:Excitatory_Cells:1000:1049, keys_and_masks:[KeyAndMask:0x180L:0xffffffc0] 
edge:Excitatory_Cells:250:299:Excitatory_Cells:500:549, keys_and_masks:[KeyAndMask:0x180L:0xffffffc0] 
edge:Excitatory_Cells:250:299:Excitatory_Cells:1100:1149, keys_and_masks:[KeyAndMask:0x180L:0xffffffc0] 
edge:Excitatory_Cells:250:299:Excitatory_Cells:550:599, keys_and_masks:[KeyAndMask:0x180L:0xffffffc0] 
edge:Excitatory_Cells:250:299:Excitatory_Cells:1150:1199, keys_and_masks:[KeyAndMask:0x180L:0xffffffc0] 
edge:Excitatory_Cells:250:299:Excitatory_Cells:600:649, keys_and_masks:[KeyAndMask:0x180L:0xffffffc0] 
edge:Excitatory_Cells:250:299:Excitatory_Cells:50:99, keys_and_masks:[KeyAndMask:0x180L:0xffffffc0] 
edge:Excitatory_Cells:250:299:Excitatory_Cells:650:699, keys_and_masks:[KeyAndMask:0x180L:0xffffffc0] 
edge:Excitatory_Cells:250:299:Excitatory_Cells:100:149, keys_and_masks:[KeyAndMask:0x180L:0xffffffc0] 
edge:Excitatory_Cells:250:299:Excitatory_Cells:700:749, keys_and_masks:[KeyAndMask:0x180L:0xffffffc0] 
edge:Excitatory_Cells:250:299:Excitatory_Cells:150:199, keys_and_masks:[KeyAndMask:0x180L:0xffffffc0] 
edge:Excitatory_Cells:250:299:Excitatory_Cells:750:799, keys_and_masks:[KeyAndMask:0x180L:0xffffffc0] 
edge:Excitatory_Cells:250:299:Excitatory_Cells:200:249, keys_and_masks:[KeyAndMask:0x180L:0xffffffc0] 
edge:Excitatory_Cells:250:299:Excitatory_Cells:800:849, keys_and_masks:[KeyAndMask:0x180L:0xffffffc0] 
edge:Excitatory_Cells:250:299:Excitatory_Cells:250:299, keys_and_masks:[KeyAndMask:0x180L:0xffffffc0] 
edge:Excitatory_Cells:250:299:Excitatory_Cells:850:899, keys_and_masks:[KeyAndMask:0x180L:0xffffffc0] 
edge:Excitatory_Cells:250:299:Excitatory_Cells:300:349, keys_and_masks:[KeyAndMask:0x180L:0xffffffc0] 
edge:Excitatory_Cells:250:299:Excitatory_Cells:900:949, keys_and_masks:[KeyAndMask:0x180L:0xffffffc0] 
edge:Excitatory_Cells:250:299:Excitatory_Cells:350:399, keys_and_masks:[KeyAndMask:0x180L:0xffffffc0] 
edge:Excitatory_Cells:250:299:Excitatory_Cells:950:999, keys_and_masks:[KeyAndMask:0x180L:0xffffffc0] 
edge:Excitatory_Cells:250:299:Excitatory_Cells:400:449, keys_and_masks:[KeyAndMask:0x180L:0xffffffc0] 
edge:Excitatory_Cells:250:299:Inhibitory_Cells:100:149, keys_and_masks:[KeyAndMask:0x180L:0xffffffc0] 
edge:Excitatory_Cells:250:299:Inhibitory_Cells:250:299, keys_and_masks:[KeyAndMask:0x180L:0xffffffc0] 
edge:Excitatory_Cells:250:299:Inhibitory_Cells:0:49, keys_and_masks:[KeyAndMask:0x180L:0xffffffc0] 
edge:Excitatory_Cells:250:299:Inhibitory_Cells:150:199, keys_and_masks:[KeyAndMask:0x180L:0xffffffc0] 
edge:Excitatory_Cells:250:299:Inhibitory_Cells:50:99, keys_and_masks:[KeyAndMask:0x180L:0xffffffc0] 
edge:Excitatory_Cells:250:299:Inhibitory_Cells:200:249, keys_and_masks:[KeyAndMask:0x180L:0xffffffc0] 


Vertex: Excitatory_Cells:700:749 
edge:Excitatory_Cells:700:749:Excitatory_Cells:0:49, keys_and_masks:[KeyAndMask:0x3c0L:0xffffffc0] 
edge:Excitatory_Cells:700:749:Excitatory_Cells:450:499, keys_and_masks:[KeyAndMask:0x3c0L:0xffffffc0] 
edge:Excitatory_Cells:700:749:Excitatory_Cells:1050:1099, keys_and_masks:[KeyAndMask:0x3c0L:0xffffffc0] 
edge:Excitatory_Cells:700:749:Excitatory_Cells:1000:1049, keys_and_masks:[KeyAndMask:0x3c0L:0xffffffc0] 
edge:Excitatory_Cells:700:749:Excitatory_Cells:500:549, keys_and_masks:[KeyAndMask:0x3c0L:0xffffffc0] 
edge:Excitatory_Cells:700:749:Excitatory_Cells:1100:1149, keys_and_masks:[KeyAndMask:0x3c0L:0xffffffc0] 
edge:Excitatory_Cells:700:749:Excitatory_Cells:550:599, keys_and_masks:[KeyAndMask:0x3c0L:0xffffffc0] 
edge:Excitatory_Cells:700:749:Excitatory_Cells:1150:1199, keys_and_masks:[KeyAndMask:0x3c0L:0xffffffc0] 
edge:Excitatory_Cells:700:749:Excitatory_Cells:600:649, keys_and_masks:[KeyAndMask:0x3c0L:0xffffffc0] 
edge:Excitatory_Cells:700:749:Excitatory_Cells:50:99, keys_and_masks:[KeyAndMask:0x3c0L:0xffffffc0] 
edge:Excitatory_Cells:700:749:Excitatory_Cells:650:699, keys_and_masks:[KeyAndMask:0x3c0L:0xffffffc0] 
edge:Excitatory_Cells:700:749:Excitatory_Cells:100:149, keys_and_masks:[KeyAndMask:0x3c0L:0xffffffc0] 
edge:Excitatory_Cells:700:749:Excitatory_Cells:700:749, keys_and_masks:[KeyAndMask:0x3c0L:0xffffffc0] 
edge:Excitatory_Cells:700:749:Excitatory_Cells:150:199, keys_and_masks:[KeyAndMask:0x3c0L:0xffffffc0] 
edge:Excitatory_Cells:700:749:Excitatory_Cells:750:799, keys_and_masks:[KeyAndMask:0x3c0L:0xffffffc0] 
edge:Excitatory_Cells:700:749:Excitatory_Cells:200:249, keys_and_masks:[KeyAndMask:0x3c0L:0xffffffc0] 
edge:Excitatory_Cells:700:749:Excitatory_Cells:800:849, keys_and_masks:[KeyAndMask:0x3c0L:0xffffffc0] 
edge:Excitatory_Cells:700:749:Excitatory_Cells:250:299, keys_and_masks:[KeyAndMask:0x3c0L:0xffffffc0] 
edge:Excitatory_Cells:700:749:Excitatory_Cells:850:899, keys_and_masks:[KeyAndMask:0x3c0L:0xffffffc0] 
edge:Excitatory_Cells:700:749:Excitatory_Cells:300:349, keys_and_masks:[KeyAndMask:0x3c0L:0xffffffc0] 
edge:Excitatory_Cells:700:749:Excitatory_Cells:900:949, keys_and_masks:[KeyAndMask:0x3c0L:0xffffffc0] 
edge:Excitatory_Cells:700:749:Excitatory_Cells:350:399, keys_and_masks:[KeyAndMask:0x3c0L:0xffffffc0] 
edge:Excitatory_Cells:700:749:Excitatory_Cells:950:999, keys_and_masks:[KeyAndMask:0x3c0L:0xffffffc0] 
edge:Excitatory_Cells:700:749:Excitatory_Cells:400:449, keys_and_masks:[KeyAndMask:0x3c0L:0xffffffc0] 
edge:Excitatory_Cells:700:749:Inhibitory_Cells:100:149, keys_and_masks:[KeyAndMask:0x3c0L:0xffffffc0] 
edge:Excitatory_Cells:700:749:Inhibitory_Cells:250:299, keys_and_masks:[KeyAndMask:0x3c0L:0xffffffc0] 
edge:Excitatory_Cells:700:749:Inhibitory_Cells:0:49, keys_and_masks:[KeyAndMask:0x3c0L:0xffffffc0] 
edge:Excitatory_Cells:700:749:Inhibitory_Cells:150:199, keys_and_masks:[KeyAndMask:0x3c0L:0xffffffc0] 
edge:Excitatory_Cells:700:749:Inhibitory_Cells:50:99, keys_and_masks:[KeyAndMask:0x3c0L:0xffffffc0] 
edge:Excitatory_Cells:700:749:Inhibitory_Cells:200:249, keys_and_masks:[KeyAndMask:0x3c0L:0xffffffc0] 


Vertex: Excitatory_Cells:400:449 
edge:Excitatory_Cells:400:449:Excitatory_Cells:0:49, keys_and_masks:[KeyAndMask:0x240L:0xffffffc0] 
edge:Excitatory_Cells:400:449:Excitatory_Cells:450:499, keys_and_masks:[KeyAndMask:0x240L:0xffffffc0] 
edge:Excitatory_Cells:400:449:Excitatory_Cells:1050:1099, keys_and_masks:[KeyAndMask:0x240L:0xffffffc0] 
edge:Excitatory_Cells:400:449:Excitatory_Cells:1000:1049, keys_and_masks:[KeyAndMask:0x240L:0xffffffc0] 
edge:Excitatory_Cells:400:449:Excitatory_Cells:500:549, keys_and_masks:[KeyAndMask:0x240L:0xffffffc0] 
edge:Excitatory_Cells:400:449:Excitatory_Cells:1100:1149, keys_and_masks:[KeyAndMask:0x240L:0xffffffc0] 
edge:Excitatory_Cells:400:449:Excitatory_Cells:550:599, keys_and_masks:[KeyAndMask:0x240L:0xffffffc0] 
edge:Excitatory_Cells:400:449:Excitatory_Cells:1150:1199, keys_and_masks:[KeyAndMask:0x240L:0xffffffc0] 
edge:Excitatory_Cells:400:449:Excitatory_Cells:600:649, keys_and_masks:[KeyAndMask:0x240L:0xffffffc0] 
edge:Excitatory_Cells:400:449:Excitatory_Cells:50:99, keys_and_masks:[KeyAndMask:0x240L:0xffffffc0] 
edge:Excitatory_Cells:400:449:Excitatory_Cells:650:699, keys_and_masks:[KeyAndMask:0x240L:0xffffffc0] 
edge:Excitatory_Cells:400:449:Excitatory_Cells:100:149, keys_and_masks:[KeyAndMask:0x240L:0xffffffc0] 
edge:Excitatory_Cells:400:449:Excitatory_Cells:700:749, keys_and_masks:[KeyAndMask:0x240L:0xffffffc0] 
edge:Excitatory_Cells:400:449:Excitatory_Cells:150:199, keys_and_masks:[KeyAndMask:0x240L:0xffffffc0] 
edge:Excitatory_Cells:400:449:Excitatory_Cells:750:799, keys_and_masks:[KeyAndMask:0x240L:0xffffffc0] 
edge:Excitatory_Cells:400:449:Excitatory_Cells:200:249, keys_and_masks:[KeyAndMask:0x240L:0xffffffc0] 
edge:Excitatory_Cells:400:449:Excitatory_Cells:800:849, keys_and_masks:[KeyAndMask:0x240L:0xffffffc0] 
edge:Excitatory_Cells:400:449:Excitatory_Cells:250:299, keys_and_masks:[KeyAndMask:0x240L:0xffffffc0] 
edge:Excitatory_Cells:400:449:Excitatory_Cells:850:899, keys_and_masks:[KeyAndMask:0x240L:0xffffffc0] 
edge:Excitatory_Cells:400:449:Excitatory_Cells:300:349, keys_and_masks:[KeyAndMask:0x240L:0xffffffc0] 
edge:Excitatory_Cells:400:449:Excitatory_Cells:900:949, keys_and_masks:[KeyAndMask:0x240L:0xffffffc0] 
edge:Excitatory_Cells:400:449:Excitatory_Cells:350:399, keys_and_masks:[KeyAndMask:0x240L:0xffffffc0] 
edge:Excitatory_Cells:400:449:Excitatory_Cells:950:999, keys_and_masks:[KeyAndMask:0x240L:0xffffffc0] 
edge:Excitatory_Cells:400:449:Excitatory_Cells:400:449, keys_and_masks:[KeyAndMask:0x240L:0xffffffc0] 
edge:Excitatory_Cells:400:449:Inhibitory_Cells:100:149, keys_and_masks:[KeyAndMask:0x240L:0xffffffc0] 
edge:Excitatory_Cells:400:449:Inhibitory_Cells:250:299, keys_and_masks:[KeyAndMask:0x240L:0xffffffc0] 
edge:Excitatory_Cells:400:449:Inhibitory_Cells:0:49, keys_and_masks:[KeyAndMask:0x240L:0xffffffc0] 
edge:Excitatory_Cells:400:449:Inhibitory_Cells:150:199, keys_and_masks:[KeyAndMask:0x240L:0xffffffc0] 
edge:Excitatory_Cells:400:449:Inhibitory_Cells:50:99, keys_and_masks:[KeyAndMask:0x240L:0xffffffc0] 
edge:Excitatory_Cells:400:449:Inhibitory_Cells:200:249, keys_and_masks:[KeyAndMask:0x240L:0xffffffc0] 


Vertex: expoisson:0:19 
edge:expoisson:0:19:Excitatory_Cells:0:49, keys_and_masks:[KeyAndMask:0x0L:0xffffffe0] 
edge:expoisson:0:19:Excitatory_Cells:450:499, keys_and_masks:[KeyAndMask:0x0L:0xffffffe0] 
edge:expoisson:0:19:Excitatory_Cells:1050:1099, keys_and_masks:[KeyAndMask:0x0L:0xffffffe0] 
edge:expoisson:0:19:Excitatory_Cells:1000:1049, keys_and_masks:[KeyAndMask:0x0L:0xffffffe0] 
edge:expoisson:0:19:Excitatory_Cells:500:549, keys_and_masks:[KeyAndMask:0x0L:0xffffffe0] 
edge:expoisson:0:19:Excitatory_Cells:1100:1149, keys_and_masks:[KeyAndMask:0x0L:0xffffffe0] 
edge:expoisson:0:19:Excitatory_Cells:550:599, keys_and_masks:[KeyAndMask:0x0L:0xffffffe0] 
edge:expoisson:0:19:Excitatory_Cells:1150:1199, keys_and_masks:[KeyAndMask:0x0L:0xffffffe0] 
edge:expoisson:0:19:Excitatory_Cells:600:649, keys_and_masks:[KeyAndMask:0x0L:0xffffffe0] 
edge:expoisson:0:19:Excitatory_Cells:50:99, keys_and_masks:[KeyAndMask:0x0L:0xffffffe0] 
edge:expoisson:0:19:Excitatory_Cells:650:699, keys_and_masks:[KeyAndMask:0x0L:0xffffffe0] 
edge:expoisson:0:19:Excitatory_Cells:100:149, keys_and_masks:[KeyAndMask:0x0L:0xffffffe0] 
edge:expoisson:0:19:Excitatory_Cells:700:749, keys_and_masks:[KeyAndMask:0x0L:0xffffffe0] 
edge:expoisson:0:19:Excitatory_Cells:150:199, keys_and_masks:[KeyAndMask:0x0L:0xffffffe0] 
edge:expoisson:0:19:Excitatory_Cells:750:799, keys_and_masks:[KeyAndMask:0x0L:0xffffffe0] 
edge:expoisson:0:19:Excitatory_Cells:200:249, keys_and_masks:[KeyAndMask:0x0L:0xffffffe0] 
edge:expoisson:0:19:Excitatory_Cells:800:849, keys_and_masks:[KeyAndMask:0x0L:0xffffffe0] 
edge:expoisson:0:19:Excitatory_Cells:250:299, keys_and_masks:[KeyAndMask:0x0L:0xffffffe0] 
edge:expoisson:0:19:Excitatory_Cells:850:899, keys_and_masks:[KeyAndMask:0x0L:0xffffffe0] 
edge:expoisson:0:19:Excitatory_Cells:300:349, keys_and_masks:[KeyAndMask:0x0L:0xffffffe0] 
edge:expoisson:0:19:Excitatory_Cells:900:949, keys_and_masks:[KeyAndMask:0x0L:0xffffffe0] 
edge:expoisson:0:19:Excitatory_Cells:350:399, keys_and_masks:[KeyAndMask:0x0L:0xffffffe0] 
edge:expoisson:0:19:Excitatory_Cells:950:999, keys_and_masks:[KeyAndMask:0x0L:0xffffffe0] 
edge:expoisson:0:19:Excitatory_Cells:400:449, keys_and_masks:[KeyAndMask:0x0L:0xffffffe0] 
edge:expoisson:0:19:Inhibitory_Cells:100:149, keys_and_masks:[KeyAndMask:0x0L:0xffffffe0] 
edge:expoisson:0:19:Inhibitory_Cells:250:299, keys_and_masks:[KeyAndMask:0x0L:0xffffffe0] 
edge:expoisson:0:19:Inhibitory_Cells:0:49, keys_and_masks:[KeyAndMask:0x0L:0xffffffe0] 
edge:expoisson:0:19:Inhibitory_Cells:150:199, keys_and_masks:[KeyAndMask:0x0L:0xffffffe0] 
edge:expoisson:0:19:Inhibitory_Cells:50:99, keys_and_masks:[KeyAndMask:0x0L:0xffffffe0] 
edge:expoisson:0:19:Inhibitory_Cells:200:249, keys_and_masks:[KeyAndMask:0x0L:0xffffffe0] 


Vertex: Excitatory_Cells:200:249 
edge:Excitatory_Cells:200:249:Excitatory_Cells:0:49, keys_and_masks:[KeyAndMask:0x140L:0xffffffc0] 
edge:Excitatory_Cells:200:249:Excitatory_Cells:450:499, keys_and_masks:[KeyAndMask:0x140L:0xffffffc0] 
edge:Excitatory_Cells:200:249:Excitatory_Cells:1050:1099, keys_and_masks:[KeyAndMask:0x140L:0xffffffc0] 
edge:Excitatory_Cells:200:249:Excitatory_Cells:1000:1049, keys_and_masks:[KeyAndMask:0x140L:0xffffffc0] 
edge:Excitatory_Cells:200:249:Excitatory_Cells:500:549, keys_and_masks:[KeyAndMask:0x140L:0xffffffc0] 
edge:Excitatory_Cells:200:249:Excitatory_Cells:1100:1149, keys_and_masks:[KeyAndMask:0x140L:0xffffffc0] 
edge:Excitatory_Cells:200:249:Excitatory_Cells:550:599, keys_and_masks:[KeyAndMask:0x140L:0xffffffc0] 
edge:Excitatory_Cells:200:249:Excitatory_Cells:1150:1199, keys_and_masks:[KeyAndMask:0x140L:0xffffffc0] 
edge:Excitatory_Cells:200:249:Excitatory_Cells:600:649, keys_and_masks:[KeyAndMask:0x140L:0xffffffc0] 
edge:Excitatory_Cells:200:249:Excitatory_Cells:50:99, keys_and_masks:[KeyAndMask:0x140L:0xffffffc0] 
edge:Excitatory_Cells:200:249:Excitatory_Cells:650:699, keys_and_masks:[KeyAndMask:0x140L:0xffffffc0] 
edge:Excitatory_Cells:200:249:Excitatory_Cells:100:149, keys_and_masks:[KeyAndMask:0x140L:0xffffffc0] 
edge:Excitatory_Cells:200:249:Excitatory_Cells:700:749, keys_and_masks:[KeyAndMask:0x140L:0xffffffc0] 
edge:Excitatory_Cells:200:249:Excitatory_Cells:150:199, keys_and_masks:[KeyAndMask:0x140L:0xffffffc0] 
edge:Excitatory_Cells:200:249:Excitatory_Cells:750:799, keys_and_masks:[KeyAndMask:0x140L:0xffffffc0] 
edge:Excitatory_Cells:200:249:Excitatory_Cells:200:249, keys_and_masks:[KeyAndMask:0x140L:0xffffffc0] 
edge:Excitatory_Cells:200:249:Excitatory_Cells:800:849, keys_and_masks:[KeyAndMask:0x140L:0xffffffc0] 
edge:Excitatory_Cells:200:249:Excitatory_Cells:250:299, keys_and_masks:[KeyAndMask:0x140L:0xffffffc0] 
edge:Excitatory_Cells:200:249:Excitatory_Cells:850:899, keys_and_masks:[KeyAndMask:0x140L:0xffffffc0] 
edge:Excitatory_Cells:200:249:Excitatory_Cells:300:349, keys_and_masks:[KeyAndMask:0x140L:0xffffffc0] 
edge:Excitatory_Cells:200:249:Excitatory_Cells:900:949, keys_and_masks:[KeyAndMask:0x140L:0xffffffc0] 
edge:Excitatory_Cells:200:249:Excitatory_Cells:350:399, keys_and_masks:[KeyAndMask:0x140L:0xffffffc0] 
edge:Excitatory_Cells:200:249:Excitatory_Cells:950:999, keys_and_masks:[KeyAndMask:0x140L:0xffffffc0] 
edge:Excitatory_Cells:200:249:Excitatory_Cells:400:449, keys_and_masks:[KeyAndMask:0x140L:0xffffffc0] 
edge:Excitatory_Cells:200:249:Inhibitory_Cells:100:149, keys_and_masks:[KeyAndMask:0x140L:0xffffffc0] 
edge:Excitatory_Cells:200:249:Inhibitory_Cells:250:299, keys_and_masks:[KeyAndMask:0x140L:0xffffffc0] 
edge:Excitatory_Cells:200:249:Inhibitory_Cells:0:49, keys_and_masks:[KeyAndMask:0x140L:0xffffffc0] 
edge:Excitatory_Cells:200:249:Inhibitory_Cells:150:199, keys_and_masks:[KeyAndMask:0x140L:0xffffffc0] 
edge:Excitatory_Cells:200:249:Inhibitory_Cells:50:99, keys_and_masks:[KeyAndMask:0x140L:0xffffffc0] 
edge:Excitatory_Cells:200:249:Inhibitory_Cells:200:249, keys_and_masks:[KeyAndMask:0x140L:0xffffffc0] 


Vertex: Excitatory_Cells:850:899 
edge:Excitatory_Cells:850:899:Excitatory_Cells:0:49, keys_and_masks:[KeyAndMask:0x480L:0xffffffc0] 
edge:Excitatory_Cells:850:899:Excitatory_Cells:450:499, keys_and_masks:[KeyAndMask:0x480L:0xffffffc0] 
edge:Excitatory_Cells:850:899:Excitatory_Cells:1050:1099, keys_and_masks:[KeyAndMask:0x480L:0xffffffc0] 
edge:Excitatory_Cells:850:899:Excitatory_Cells:1000:1049, keys_and_masks:[KeyAndMask:0x480L:0xffffffc0] 
edge:Excitatory_Cells:850:899:Excitatory_Cells:500:549, keys_and_masks:[KeyAndMask:0x480L:0xffffffc0] 
edge:Excitatory_Cells:850:899:Excitatory_Cells:1100:1149, keys_and_masks:[KeyAndMask:0x480L:0xffffffc0] 
edge:Excitatory_Cells:850:899:Excitatory_Cells:550:599, keys_and_masks:[KeyAndMask:0x480L:0xffffffc0] 
edge:Excitatory_Cells:850:899:Excitatory_Cells:1150:1199, keys_and_masks:[KeyAndMask:0x480L:0xffffffc0] 
edge:Excitatory_Cells:850:899:Excitatory_Cells:600:649, keys_and_masks:[KeyAndMask:0x480L:0xffffffc0] 
edge:Excitatory_Cells:850:899:Excitatory_Cells:50:99, keys_and_masks:[KeyAndMask:0x480L:0xffffffc0] 
edge:Excitatory_Cells:850:899:Excitatory_Cells:650:699, keys_and_masks:[KeyAndMask:0x480L:0xffffffc0] 
edge:Excitatory_Cells:850:899:Excitatory_Cells:100:149, keys_and_masks:[KeyAndMask:0x480L:0xffffffc0] 
edge:Excitatory_Cells:850:899:Excitatory_Cells:700:749, keys_and_masks:[KeyAndMask:0x480L:0xffffffc0] 
edge:Excitatory_Cells:850:899:Excitatory_Cells:150:199, keys_and_masks:[KeyAndMask:0x480L:0xffffffc0] 
edge:Excitatory_Cells:850:899:Excitatory_Cells:750:799, keys_and_masks:[KeyAndMask:0x480L:0xffffffc0] 
edge:Excitatory_Cells:850:899:Excitatory_Cells:200:249, keys_and_masks:[KeyAndMask:0x480L:0xffffffc0] 
edge:Excitatory_Cells:850:899:Excitatory_Cells:800:849, keys_and_masks:[KeyAndMask:0x480L:0xffffffc0] 
edge:Excitatory_Cells:850:899:Excitatory_Cells:250:299, keys_and_masks:[KeyAndMask:0x480L:0xffffffc0] 
edge:Excitatory_Cells:850:899:Excitatory_Cells:850:899, keys_and_masks:[KeyAndMask:0x480L:0xffffffc0] 
edge:Excitatory_Cells:850:899:Excitatory_Cells:300:349, keys_and_masks:[KeyAndMask:0x480L:0xffffffc0] 
edge:Excitatory_Cells:850:899:Excitatory_Cells:900:949, keys_and_masks:[KeyAndMask:0x480L:0xffffffc0] 
edge:Excitatory_Cells:850:899:Excitatory_Cells:350:399, keys_and_masks:[KeyAndMask:0x480L:0xffffffc0] 
edge:Excitatory_Cells:850:899:Excitatory_Cells:950:999, keys_and_masks:[KeyAndMask:0x480L:0xffffffc0] 
edge:Excitatory_Cells:850:899:Excitatory_Cells:400:449, keys_and_masks:[KeyAndMask:0x480L:0xffffffc0] 
edge:Excitatory_Cells:850:899:Inhibitory_Cells:100:149, keys_and_masks:[KeyAndMask:0x480L:0xffffffc0] 
edge:Excitatory_Cells:850:899:Inhibitory_Cells:250:299, keys_and_masks:[KeyAndMask:0x480L:0xffffffc0] 
edge:Excitatory_Cells:850:899:Inhibitory_Cells:0:49, keys_and_masks:[KeyAndMask:0x480L:0xffffffc0] 
edge:Excitatory_Cells:850:899:Inhibitory_Cells:150:199, keys_and_masks:[KeyAndMask:0x480L:0xffffffc0] 
edge:Excitatory_Cells:850:899:Inhibitory_Cells:50:99, keys_and_masks:[KeyAndMask:0x480L:0xffffffc0] 
edge:Excitatory_Cells:850:899:Inhibitory_Cells:200:249, keys_and_masks:[KeyAndMask:0x480L:0xffffffc0] 


Vertex: Excitatory_Cells:950:999 
edge:Excitatory_Cells:950:999:Excitatory_Cells:0:49, keys_and_masks:[KeyAndMask:0x500L:0xffffffc0] 
edge:Excitatory_Cells:950:999:Excitatory_Cells:450:499, keys_and_masks:[KeyAndMask:0x500L:0xffffffc0] 
edge:Excitatory_Cells:950:999:Excitatory_Cells:1050:1099, keys_and_masks:[KeyAndMask:0x500L:0xffffffc0] 
edge:Excitatory_Cells:950:999:Excitatory_Cells:1000:1049, keys_and_masks:[KeyAndMask:0x500L:0xffffffc0] 
edge:Excitatory_Cells:950:999:Excitatory_Cells:500:549, keys_and_masks:[KeyAndMask:0x500L:0xffffffc0] 
edge:Excitatory_Cells:950:999:Excitatory_Cells:1100:1149, keys_and_masks:[KeyAndMask:0x500L:0xffffffc0] 
edge:Excitatory_Cells:950:999:Excitatory_Cells:550:599, keys_and_masks:[KeyAndMask:0x500L:0xffffffc0] 
edge:Excitatory_Cells:950:999:Excitatory_Cells:1150:1199, keys_and_masks:[KeyAndMask:0x500L:0xffffffc0] 
edge:Excitatory_Cells:950:999:Excitatory_Cells:600:649, keys_and_masks:[KeyAndMask:0x500L:0xffffffc0] 
edge:Excitatory_Cells:950:999:Excitatory_Cells:50:99, keys_and_masks:[KeyAndMask:0x500L:0xffffffc0] 
edge:Excitatory_Cells:950:999:Excitatory_Cells:650:699, keys_and_masks:[KeyAndMask:0x500L:0xffffffc0] 
edge:Excitatory_Cells:950:999:Excitatory_Cells:100:149, keys_and_masks:[KeyAndMask:0x500L:0xffffffc0] 
edge:Excitatory_Cells:950:999:Excitatory_Cells:700:749, keys_and_masks:[KeyAndMask:0x500L:0xffffffc0] 
edge:Excitatory_Cells:950:999:Excitatory_Cells:150:199, keys_and_masks:[KeyAndMask:0x500L:0xffffffc0] 
edge:Excitatory_Cells:950:999:Excitatory_Cells:750:799, keys_and_masks:[KeyAndMask:0x500L:0xffffffc0] 
edge:Excitatory_Cells:950:999:Excitatory_Cells:200:249, keys_and_masks:[KeyAndMask:0x500L:0xffffffc0] 
edge:Excitatory_Cells:950:999:Excitatory_Cells:800:849, keys_and_masks:[KeyAndMask:0x500L:0xffffffc0] 
edge:Excitatory_Cells:950:999:Excitatory_Cells:250:299, keys_and_masks:[KeyAndMask:0x500L:0xffffffc0] 
edge:Excitatory_Cells:950:999:Excitatory_Cells:850:899, keys_and_masks:[KeyAndMask:0x500L:0xffffffc0] 
edge:Excitatory_Cells:950:999:Excitatory_Cells:300:349, keys_and_masks:[KeyAndMask:0x500L:0xffffffc0] 
edge:Excitatory_Cells:950:999:Excitatory_Cells:900:949, keys_and_masks:[KeyAndMask:0x500L:0xffffffc0] 
edge:Excitatory_Cells:950:999:Excitatory_Cells:350:399, keys_and_masks:[KeyAndMask:0x500L:0xffffffc0] 
edge:Excitatory_Cells:950:999:Excitatory_Cells:950:999, keys_and_masks:[KeyAndMask:0x500L:0xffffffc0] 
edge:Excitatory_Cells:950:999:Excitatory_Cells:400:449, keys_and_masks:[KeyAndMask:0x500L:0xffffffc0] 
edge:Excitatory_Cells:950:999:Inhibitory_Cells:100:149, keys_and_masks:[KeyAndMask:0x500L:0xffffffc0] 
edge:Excitatory_Cells:950:999:Inhibitory_Cells:250:299, keys_and_masks:[KeyAndMask:0x500L:0xffffffc0] 
edge:Excitatory_Cells:950:999:Inhibitory_Cells:0:49, keys_and_masks:[KeyAndMask:0x500L:0xffffffc0] 
edge:Excitatory_Cells:950:999:Inhibitory_Cells:150:199, keys_and_masks:[KeyAndMask:0x500L:0xffffffc0] 
edge:Excitatory_Cells:950:999:Inhibitory_Cells:50:99, keys_and_masks:[KeyAndMask:0x500L:0xffffffc0] 
edge:Excitatory_Cells:950:999:Inhibitory_Cells:200:249, keys_and_masks:[KeyAndMask:0x500L:0xffffffc0] 


Vertex: Excitatory_Cells:350:399 
edge:Excitatory_Cells:350:399:Excitatory_Cells:0:49, keys_and_masks:[KeyAndMask:0x200L:0xffffffc0] 
edge:Excitatory_Cells:350:399:Excitatory_Cells:450:499, keys_and_masks:[KeyAndMask:0x200L:0xffffffc0] 
edge:Excitatory_Cells:350:399:Excitatory_Cells:1050:1099, keys_and_masks:[KeyAndMask:0x200L:0xffffffc0] 
edge:Excitatory_Cells:350:399:Excitatory_Cells:1000:1049, keys_and_masks:[KeyAndMask:0x200L:0xffffffc0] 
edge:Excitatory_Cells:350:399:Excitatory_Cells:500:549, keys_and_masks:[KeyAndMask:0x200L:0xffffffc0] 
edge:Excitatory_Cells:350:399:Excitatory_Cells:1100:1149, keys_and_masks:[KeyAndMask:0x200L:0xffffffc0] 
edge:Excitatory_Cells:350:399:Excitatory_Cells:550:599, keys_and_masks:[KeyAndMask:0x200L:0xffffffc0] 
edge:Excitatory_Cells:350:399:Excitatory_Cells:1150:1199, keys_and_masks:[KeyAndMask:0x200L:0xffffffc0] 
edge:Excitatory_Cells:350:399:Excitatory_Cells:600:649, keys_and_masks:[KeyAndMask:0x200L:0xffffffc0] 
edge:Excitatory_Cells:350:399:Excitatory_Cells:50:99, keys_and_masks:[KeyAndMask:0x200L:0xffffffc0] 
edge:Excitatory_Cells:350:399:Excitatory_Cells:650:699, keys_and_masks:[KeyAndMask:0x200L:0xffffffc0] 
edge:Excitatory_Cells:350:399:Excitatory_Cells:100:149, keys_and_masks:[KeyAndMask:0x200L:0xffffffc0] 
edge:Excitatory_Cells:350:399:Excitatory_Cells:700:749, keys_and_masks:[KeyAndMask:0x200L:0xffffffc0] 
edge:Excitatory_Cells:350:399:Excitatory_Cells:150:199, keys_and_masks:[KeyAndMask:0x200L:0xffffffc0] 
edge:Excitatory_Cells:350:399:Excitatory_Cells:750:799, keys_and_masks:[KeyAndMask:0x200L:0xffffffc0] 
edge:Excitatory_Cells:350:399:Excitatory_Cells:200:249, keys_and_masks:[KeyAndMask:0x200L:0xffffffc0] 
edge:Excitatory_Cells:350:399:Excitatory_Cells:800:849, keys_and_masks:[KeyAndMask:0x200L:0xffffffc0] 
edge:Excitatory_Cells:350:399:Excitatory_Cells:250:299, keys_and_masks:[KeyAndMask:0x200L:0xffffffc0] 
edge:Excitatory_Cells:350:399:Excitatory_Cells:850:899, keys_and_masks:[KeyAndMask:0x200L:0xffffffc0] 
edge:Excitatory_Cells:350:399:Excitatory_Cells:300:349, keys_and_masks:[KeyAndMask:0x200L:0xffffffc0] 
edge:Excitatory_Cells:350:399:Excitatory_Cells:900:949, keys_and_masks:[KeyAndMask:0x200L:0xffffffc0] 
edge:Excitatory_Cells:350:399:Excitatory_Cells:350:399, keys_and_masks:[KeyAndMask:0x200L:0xffffffc0] 
edge:Excitatory_Cells:350:399:Excitatory_Cells:950:999, keys_and_masks:[KeyAndMask:0x200L:0xffffffc0] 
edge:Excitatory_Cells:350:399:Excitatory_Cells:400:449, keys_and_masks:[KeyAndMask:0x200L:0xffffffc0] 
edge:Excitatory_Cells:350:399:Inhibitory_Cells:100:149, keys_and_masks:[KeyAndMask:0x200L:0xffffffc0] 
edge:Excitatory_Cells:350:399:Inhibitory_Cells:250:299, keys_and_masks:[KeyAndMask:0x200L:0xffffffc0] 
edge:Excitatory_Cells:350:399:Inhibitory_Cells:0:49, keys_and_masks:[KeyAndMask:0x200L:0xffffffc0] 
edge:Excitatory_Cells:350:399:Inhibitory_Cells:150:199, keys_and_masks:[KeyAndMask:0x200L:0xffffffc0] 
edge:Excitatory_Cells:350:399:Inhibitory_Cells:50:99, keys_and_masks:[KeyAndMask:0x200L:0xffffffc0] 
edge:Excitatory_Cells:350:399:Inhibitory_Cells:200:249, keys_and_masks:[KeyAndMask:0x200L:0xffffffc0] 


Vertex: Excitatory_Cells:1100:1149 
edge:Excitatory_Cells:1100:1149:Excitatory_Cells:0:49, keys_and_masks:[KeyAndMask:0x5c0L:0xffffffc0] 
edge:Excitatory_Cells:1100:1149:Excitatory_Cells:450:499, keys_and_masks:[KeyAndMask:0x5c0L:0xffffffc0] 
edge:Excitatory_Cells:1100:1149:Excitatory_Cells:1050:1099, keys_and_masks:[KeyAndMask:0x5c0L:0xffffffc0] 
edge:Excitatory_Cells:1100:1149:Excitatory_Cells:1000:1049, keys_and_masks:[KeyAndMask:0x5c0L:0xffffffc0] 
edge:Excitatory_Cells:1100:1149:Excitatory_Cells:500:549, keys_and_masks:[KeyAndMask:0x5c0L:0xffffffc0] 
edge:Excitatory_Cells:1100:1149:Excitatory_Cells:1100:1149, keys_and_masks:[KeyAndMask:0x5c0L:0xffffffc0] 
edge:Excitatory_Cells:1100:1149:Excitatory_Cells:550:599, keys_and_masks:[KeyAndMask:0x5c0L:0xffffffc0] 
edge:Excitatory_Cells:1100:1149:Excitatory_Cells:1150:1199, keys_and_masks:[KeyAndMask:0x5c0L:0xffffffc0] 
edge:Excitatory_Cells:1100:1149:Excitatory_Cells:600:649, keys_and_masks:[KeyAndMask:0x5c0L:0xffffffc0] 
edge:Excitatory_Cells:1100:1149:Excitatory_Cells:50:99, keys_and_masks:[KeyAndMask:0x5c0L:0xffffffc0] 
edge:Excitatory_Cells:1100:1149:Excitatory_Cells:650:699, keys_and_masks:[KeyAndMask:0x5c0L:0xffffffc0] 
edge:Excitatory_Cells:1100:1149:Excitatory_Cells:100:149, keys_and_masks:[KeyAndMask:0x5c0L:0xffffffc0] 
edge:Excitatory_Cells:1100:1149:Excitatory_Cells:700:749, keys_and_masks:[KeyAndMask:0x5c0L:0xffffffc0] 
edge:Excitatory_Cells:1100:1149:Excitatory_Cells:150:199, keys_and_masks:[KeyAndMask:0x5c0L:0xffffffc0] 
edge:Excitatory_Cells:1100:1149:Excitatory_Cells:750:799, keys_and_masks:[KeyAndMask:0x5c0L:0xffffffc0] 
edge:Excitatory_Cells:1100:1149:Excitatory_Cells:200:249, keys_and_masks:[KeyAndMask:0x5c0L:0xffffffc0] 
edge:Excitatory_Cells:1100:1149:Excitatory_Cells:800:849, keys_and_masks:[KeyAndMask:0x5c0L:0xffffffc0] 
edge:Excitatory_Cells:1100:1149:Excitatory_Cells:250:299, keys_and_masks:[KeyAndMask:0x5c0L:0xffffffc0] 
edge:Excitatory_Cells:1100:1149:Excitatory_Cells:850:899, keys_and_masks:[KeyAndMask:0x5c0L:0xffffffc0] 
edge:Excitatory_Cells:1100:1149:Excitatory_Cells:300:349, keys_and_masks:[KeyAndMask:0x5c0L:0xffffffc0] 
edge:Excitatory_Cells:1100:1149:Excitatory_Cells:900:949, keys_and_masks:[KeyAndMask:0x5c0L:0xffffffc0] 
edge:Excitatory_Cells:1100:1149:Excitatory_Cells:350:399, keys_and_masks:[KeyAndMask:0x5c0L:0xffffffc0] 
edge:Excitatory_Cells:1100:1149:Excitatory_Cells:950:999, keys_and_masks:[KeyAndMask:0x5c0L:0xffffffc0] 
edge:Excitatory_Cells:1100:1149:Excitatory_Cells:400:449, keys_and_masks:[KeyAndMask:0x5c0L:0xffffffc0] 
edge:Excitatory_Cells:1100:1149:Inhibitory_Cells:100:149, keys_and_masks:[KeyAndMask:0x5c0L:0xffffffc0] 
edge:Excitatory_Cells:1100:1149:Inhibitory_Cells:250:299, keys_and_masks:[KeyAndMask:0x5c0L:0xffffffc0] 
edge:Excitatory_Cells:1100:1149:Inhibitory_Cells:0:49, keys_and_masks:[KeyAndMask:0x5c0L:0xffffffc0] 
edge:Excitatory_Cells:1100:1149:Inhibitory_Cells:150:199, keys_and_masks:[KeyAndMask:0x5c0L:0xffffffc0] 
edge:Excitatory_Cells:1100:1149:Inhibitory_Cells:50:99, keys_and_masks:[KeyAndMask:0x5c0L:0xffffffc0] 
edge:Excitatory_Cells:1100:1149:Inhibitory_Cells:200:249, keys_and_masks:[KeyAndMask:0x5c0L:0xffffffc0] 


Vertex: Inhibitory_Cells:100:149 
edge:Inhibitory_Cells:100:149:Excitatory_Cells:0:49, keys_and_masks:[KeyAndMask:0x6c0L:0xffffffc0] 
edge:Inhibitory_Cells:100:149:Excitatory_Cells:450:499, keys_and_masks:[KeyAndMask:0x6c0L:0xffffffc0] 
edge:Inhibitory_Cells:100:149:Excitatory_Cells:1050:1099, keys_and_masks:[KeyAndMask:0x6c0L:0xffffffc0] 
edge:Inhibitory_Cells:100:149:Excitatory_Cells:1000:1049, keys_and_masks:[KeyAndMask:0x6c0L:0xffffffc0] 
edge:Inhibitory_Cells:100:149:Excitatory_Cells:500:549, keys_and_masks:[KeyAndMask:0x6c0L:0xffffffc0] 
edge:Inhibitory_Cells:100:149:Excitatory_Cells:1100:1149, keys_and_masks:[KeyAndMask:0x6c0L:0xffffffc0] 
edge:Inhibitory_Cells:100:149:Excitatory_Cells:550:599, keys_and_masks:[KeyAndMask:0x6c0L:0xffffffc0] 
edge:Inhibitory_Cells:100:149:Excitatory_Cells:1150:1199, keys_and_masks:[KeyAndMask:0x6c0L:0xffffffc0] 
edge:Inhibitory_Cells:100:149:Excitatory_Cells:600:649, keys_and_masks:[KeyAndMask:0x6c0L:0xffffffc0] 
edge:Inhibitory_Cells:100:149:Excitatory_Cells:50:99, keys_and_masks:[KeyAndMask:0x6c0L:0xffffffc0] 
edge:Inhibitory_Cells:100:149:Excitatory_Cells:650:699, keys_and_masks:[KeyAndMask:0x6c0L:0xffffffc0] 
edge:Inhibitory_Cells:100:149:Excitatory_Cells:100:149, keys_and_masks:[KeyAndMask:0x6c0L:0xffffffc0] 
edge:Inhibitory_Cells:100:149:Excitatory_Cells:700:749, keys_and_masks:[KeyAndMask:0x6c0L:0xffffffc0] 
edge:Inhibitory_Cells:100:149:Excitatory_Cells:150:199, keys_and_masks:[KeyAndMask:0x6c0L:0xffffffc0] 
edge:Inhibitory_Cells:100:149:Excitatory_Cells:750:799, keys_and_masks:[KeyAndMask:0x6c0L:0xffffffc0] 
edge:Inhibitory_Cells:100:149:Excitatory_Cells:200:249, keys_and_masks:[KeyAndMask:0x6c0L:0xffffffc0] 
edge:Inhibitory_Cells:100:149:Excitatory_Cells:800:849, keys_and_masks:[KeyAndMask:0x6c0L:0xffffffc0] 
edge:Inhibitory_Cells:100:149:Excitatory_Cells:250:299, keys_and_masks:[KeyAndMask:0x6c0L:0xffffffc0] 
edge:Inhibitory_Cells:100:149:Excitatory_Cells:850:899, keys_and_masks:[KeyAndMask:0x6c0L:0xffffffc0] 
edge:Inhibitory_Cells:100:149:Excitatory_Cells:300:349, keys_and_masks:[KeyAndMask:0x6c0L:0xffffffc0] 
edge:Inhibitory_Cells:100:149:Excitatory_Cells:900:949, keys_and_masks:[KeyAndMask:0x6c0L:0xffffffc0] 
edge:Inhibitory_Cells:100:149:Excitatory_Cells:350:399, keys_and_masks:[KeyAndMask:0x6c0L:0xffffffc0] 
edge:Inhibitory_Cells:100:149:Excitatory_Cells:950:999, keys_and_masks:[KeyAndMask:0x6c0L:0xffffffc0] 
edge:Inhibitory_Cells:100:149:Excitatory_Cells:400:449, keys_and_masks:[KeyAndMask:0x6c0L:0xffffffc0] 
edge:Inhibitory_Cells:100:149:Inhibitory_Cells:100:149, keys_and_masks:[KeyAndMask:0x6c0L:0xffffffc0] 
edge:Inhibitory_Cells:100:149:Inhibitory_Cells:250:299, keys_and_masks:[KeyAndMask:0x6c0L:0xffffffc0] 
edge:Inhibitory_Cells:100:149:Inhibitory_Cells:0:49, keys_and_masks:[KeyAndMask:0x6c0L:0xffffffc0] 
edge:Inhibitory_Cells:100:149:Inhibitory_Cells:150:199, keys_and_masks:[KeyAndMask:0x6c0L:0xffffffc0] 
edge:Inhibitory_Cells:100:149:Inhibitory_Cells:50:99, keys_and_masks:[KeyAndMask:0x6c0L:0xffffffc0] 
edge:Inhibitory_Cells:100:149:Inhibitory_Cells:200:249, keys_and_masks:[KeyAndMask:0x6c0L:0xffffffc0] 


Vertex: Excitatory_Cells:650:699 
edge:Excitatory_Cells:650:699:Excitatory_Cells:0:49, keys_and_masks:[KeyAndMask:0x380L:0xffffffc0] 
edge:Excitatory_Cells:650:699:Excitatory_Cells:450:499, keys_and_masks:[KeyAndMask:0x380L:0xffffffc0] 
edge:Excitatory_Cells:650:699:Excitatory_Cells:1050:1099, keys_and_masks:[KeyAndMask:0x380L:0xffffffc0] 
edge:Excitatory_Cells:650:699:Excitatory_Cells:1000:1049, keys_and_masks:[KeyAndMask:0x380L:0xffffffc0] 
edge:Excitatory_Cells:650:699:Excitatory_Cells:500:549, keys_and_masks:[KeyAndMask:0x380L:0xffffffc0] 
edge:Excitatory_Cells:650:699:Excitatory_Cells:1100:1149, keys_and_masks:[KeyAndMask:0x380L:0xffffffc0] 
edge:Excitatory_Cells:650:699:Excitatory_Cells:550:599, keys_and_masks:[KeyAndMask:0x380L:0xffffffc0] 
edge:Excitatory_Cells:650:699:Excitatory_Cells:1150:1199, keys_and_masks:[KeyAndMask:0x380L:0xffffffc0] 
edge:Excitatory_Cells:650:699:Excitatory_Cells:600:649, keys_and_masks:[KeyAndMask:0x380L:0xffffffc0] 
edge:Excitatory_Cells:650:699:Excitatory_Cells:50:99, keys_and_masks:[KeyAndMask:0x380L:0xffffffc0] 
edge:Excitatory_Cells:650:699:Excitatory_Cells:650:699, keys_and_masks:[KeyAndMask:0x380L:0xffffffc0] 
edge:Excitatory_Cells:650:699:Excitatory_Cells:100:149, keys_and_masks:[KeyAndMask:0x380L:0xffffffc0] 
edge:Excitatory_Cells:650:699:Excitatory_Cells:700:749, keys_and_masks:[KeyAndMask:0x380L:0xffffffc0] 
edge:Excitatory_Cells:650:699:Excitatory_Cells:150:199, keys_and_masks:[KeyAndMask:0x380L:0xffffffc0] 
edge:Excitatory_Cells:650:699:Excitatory_Cells:750:799, keys_and_masks:[KeyAndMask:0x380L:0xffffffc0] 
edge:Excitatory_Cells:650:699:Excitatory_Cells:200:249, keys_and_masks:[KeyAndMask:0x380L:0xffffffc0] 
edge:Excitatory_Cells:650:699:Excitatory_Cells:800:849, keys_and_masks:[KeyAndMask:0x380L:0xffffffc0] 
edge:Excitatory_Cells:650:699:Excitatory_Cells:250:299, keys_and_masks:[KeyAndMask:0x380L:0xffffffc0] 
edge:Excitatory_Cells:650:699:Excitatory_Cells:850:899, keys_and_masks:[KeyAndMask:0x380L:0xffffffc0] 
edge:Excitatory_Cells:650:699:Excitatory_Cells:300:349, keys_and_masks:[KeyAndMask:0x380L:0xffffffc0] 
edge:Excitatory_Cells:650:699:Excitatory_Cells:900:949, keys_and_masks:[KeyAndMask:0x380L:0xffffffc0] 
edge:Excitatory_Cells:650:699:Excitatory_Cells:350:399, keys_and_masks:[KeyAndMask:0x380L:0xffffffc0] 
edge:Excitatory_Cells:650:699:Excitatory_Cells:950:999, keys_and_masks:[KeyAndMask:0x380L:0xffffffc0] 
edge:Excitatory_Cells:650:699:Excitatory_Cells:400:449, keys_and_masks:[KeyAndMask:0x380L:0xffffffc0] 
edge:Excitatory_Cells:650:699:Inhibitory_Cells:100:149, keys_and_masks:[KeyAndMask:0x380L:0xffffffc0] 
edge:Excitatory_Cells:650:699:Inhibitory_Cells:250:299, keys_and_masks:[KeyAndMask:0x380L:0xffffffc0] 
edge:Excitatory_Cells:650:699:Inhibitory_Cells:0:49, keys_and_masks:[KeyAndMask:0x380L:0xffffffc0] 
edge:Excitatory_Cells:650:699:Inhibitory_Cells:150:199, keys_and_masks:[KeyAndMask:0x380L:0xffffffc0] 
edge:Excitatory_Cells:650:699:Inhibitory_Cells:50:99, keys_and_masks:[KeyAndMask:0x380L:0xffffffc0] 
edge:Excitatory_Cells:650:699:Inhibitory_Cells:200:249, keys_and_masks:[KeyAndMask:0x380L:0xffffffc0] 


Vertex: Excitatory_Cells:100:149 
edge:Excitatory_Cells:100:149:Excitatory_Cells:0:49, keys_and_masks:[KeyAndMask:0xc0L:0xffffffc0] 
edge:Excitatory_Cells:100:149:Excitatory_Cells:450:499, keys_and_masks:[KeyAndMask:0xc0L:0xffffffc0] 
edge:Excitatory_Cells:100:149:Excitatory_Cells:1050:1099, keys_and_masks:[KeyAndMask:0xc0L:0xffffffc0] 
edge:Excitatory_Cells:100:149:Excitatory_Cells:1000:1049, keys_and_masks:[KeyAndMask:0xc0L:0xffffffc0] 
edge:Excitatory_Cells:100:149:Excitatory_Cells:500:549, keys_and_masks:[KeyAndMask:0xc0L:0xffffffc0] 
edge:Excitatory_Cells:100:149:Excitatory_Cells:1100:1149, keys_and_masks:[KeyAndMask:0xc0L:0xffffffc0] 
edge:Excitatory_Cells:100:149:Excitatory_Cells:550:599, keys_and_masks:[KeyAndMask:0xc0L:0xffffffc0] 
edge:Excitatory_Cells:100:149:Excitatory_Cells:1150:1199, keys_and_masks:[KeyAndMask:0xc0L:0xffffffc0] 
edge:Excitatory_Cells:100:149:Excitatory_Cells:600:649, keys_and_masks:[KeyAndMask:0xc0L:0xffffffc0] 
edge:Excitatory_Cells:100:149:Excitatory_Cells:50:99, keys_and_masks:[KeyAndMask:0xc0L:0xffffffc0] 
edge:Excitatory_Cells:100:149:Excitatory_Cells:650:699, keys_and_masks:[KeyAndMask:0xc0L:0xffffffc0] 
edge:Excitatory_Cells:100:149:Excitatory_Cells:100:149, keys_and_masks:[KeyAndMask:0xc0L:0xffffffc0] 
edge:Excitatory_Cells:100:149:Excitatory_Cells:700:749, keys_and_masks:[KeyAndMask:0xc0L:0xffffffc0] 
edge:Excitatory_Cells:100:149:Excitatory_Cells:150:199, keys_and_masks:[KeyAndMask:0xc0L:0xffffffc0] 
edge:Excitatory_Cells:100:149:Excitatory_Cells:750:799, keys_and_masks:[KeyAndMask:0xc0L:0xffffffc0] 
edge:Excitatory_Cells:100:149:Excitatory_Cells:200:249, keys_and_masks:[KeyAndMask:0xc0L:0xffffffc0] 
edge:Excitatory_Cells:100:149:Excitatory_Cells:800:849, keys_and_masks:[KeyAndMask:0xc0L:0xffffffc0] 
edge:Excitatory_Cells:100:149:Excitatory_Cells:250:299, keys_and_masks:[KeyAndMask:0xc0L:0xffffffc0] 
edge:Excitatory_Cells:100:149:Excitatory_Cells:850:899, keys_and_masks:[KeyAndMask:0xc0L:0xffffffc0] 
edge:Excitatory_Cells:100:149:Excitatory_Cells:300:349, keys_and_masks:[KeyAndMask:0xc0L:0xffffffc0] 
edge:Excitatory_Cells:100:149:Excitatory_Cells:900:949, keys_and_masks:[KeyAndMask:0xc0L:0xffffffc0] 
edge:Excitatory_Cells:100:149:Excitatory_Cells:350:399, keys_and_masks:[KeyAndMask:0xc0L:0xffffffc0] 
edge:Excitatory_Cells:100:149:Excitatory_Cells:950:999, keys_and_masks:[KeyAndMask:0xc0L:0xffffffc0] 
edge:Excitatory_Cells:100:149:Excitatory_Cells:400:449, keys_and_masks:[KeyAndMask:0xc0L:0xffffffc0] 
edge:Excitatory_Cells:100:149:Inhibitory_Cells:100:149, keys_and_masks:[KeyAndMask:0xc0L:0xffffffc0] 
edge:Excitatory_Cells:100:149:Inhibitory_Cells:250:299, keys_and_masks:[KeyAndMask:0xc0L:0xffffffc0] 
edge:Excitatory_Cells:100:149:Inhibitory_Cells:0:49, keys_and_masks:[KeyAndMask:0xc0L:0xffffffc0] 
edge:Excitatory_Cells:100:149:Inhibitory_Cells:150:199, keys_and_masks:[KeyAndMask:0xc0L:0xffffffc0] 
edge:Excitatory_Cells:100:149:Inhibitory_Cells:50:99, keys_and_masks:[KeyAndMask:0xc0L:0xffffffc0] 
edge:Excitatory_Cells:100:149:Inhibitory_Cells:200:249, keys_and_masks:[KeyAndMask:0xc0L:0xffffffc0] 


Vertex: Excitatory_Cells:800:849 
edge:Excitatory_Cells:800:849:Excitatory_Cells:0:49, keys_and_masks:[KeyAndMask:0x440L:0xffffffc0] 
edge:Excitatory_Cells:800:849:Excitatory_Cells:450:499, keys_and_masks:[KeyAndMask:0x440L:0xffffffc0] 
edge:Excitatory_Cells:800:849:Excitatory_Cells:1050:1099, keys_and_masks:[KeyAndMask:0x440L:0xffffffc0] 
edge:Excitatory_Cells:800:849:Excitatory_Cells:1000:1049, keys_and_masks:[KeyAndMask:0x440L:0xffffffc0] 
edge:Excitatory_Cells:800:849:Excitatory_Cells:500:549, keys_and_masks:[KeyAndMask:0x440L:0xffffffc0] 
edge:Excitatory_Cells:800:849:Excitatory_Cells:1100:1149, keys_and_masks:[KeyAndMask:0x440L:0xffffffc0] 
edge:Excitatory_Cells:800:849:Excitatory_Cells:550:599, keys_and_masks:[KeyAndMask:0x440L:0xffffffc0] 
edge:Excitatory_Cells:800:849:Excitatory_Cells:1150:1199, keys_and_masks:[KeyAndMask:0x440L:0xffffffc0] 
edge:Excitatory_Cells:800:849:Excitatory_Cells:600:649, keys_and_masks:[KeyAndMask:0x440L:0xffffffc0] 
edge:Excitatory_Cells:800:849:Excitatory_Cells:50:99, keys_and_masks:[KeyAndMask:0x440L:0xffffffc0] 
edge:Excitatory_Cells:800:849:Excitatory_Cells:650:699, keys_and_masks:[KeyAndMask:0x440L:0xffffffc0] 
edge:Excitatory_Cells:800:849:Excitatory_Cells:100:149, keys_and_masks:[KeyAndMask:0x440L:0xffffffc0] 
edge:Excitatory_Cells:800:849:Excitatory_Cells:700:749, keys_and_masks:[KeyAndMask:0x440L:0xffffffc0] 
edge:Excitatory_Cells:800:849:Excitatory_Cells:150:199, keys_and_masks:[KeyAndMask:0x440L:0xffffffc0] 
edge:Excitatory_Cells:800:849:Excitatory_Cells:750:799, keys_and_masks:[KeyAndMask:0x440L:0xffffffc0] 
edge:Excitatory_Cells:800:849:Excitatory_Cells:200:249, keys_and_masks:[KeyAndMask:0x440L:0xffffffc0] 
edge:Excitatory_Cells:800:849:Excitatory_Cells:800:849, keys_and_masks:[KeyAndMask:0x440L:0xffffffc0] 
edge:Excitatory_Cells:800:849:Excitatory_Cells:250:299, keys_and_masks:[KeyAndMask:0x440L:0xffffffc0] 
edge:Excitatory_Cells:800:849:Excitatory_Cells:850:899, keys_and_masks:[KeyAndMask:0x440L:0xffffffc0] 
edge:Excitatory_Cells:800:849:Excitatory_Cells:300:349, keys_and_masks:[KeyAndMask:0x440L:0xffffffc0] 
edge:Excitatory_Cells:800:849:Excitatory_Cells:900:949, keys_and_masks:[KeyAndMask:0x440L:0xffffffc0] 
edge:Excitatory_Cells:800:849:Excitatory_Cells:350:399, keys_and_masks:[KeyAndMask:0x440L:0xffffffc0] 
edge:Excitatory_Cells:800:849:Excitatory_Cells:950:999, keys_and_masks:[KeyAndMask:0x440L:0xffffffc0] 
edge:Excitatory_Cells:800:849:Excitatory_Cells:400:449, keys_and_masks:[KeyAndMask:0x440L:0xffffffc0] 
edge:Excitatory_Cells:800:849:Inhibitory_Cells:100:149, keys_and_masks:[KeyAndMask:0x440L:0xffffffc0] 
edge:Excitatory_Cells:800:849:Inhibitory_Cells:250:299, keys_and_masks:[KeyAndMask:0x440L:0xffffffc0] 
edge:Excitatory_Cells:800:849:Inhibitory_Cells:0:49, keys_and_masks:[KeyAndMask:0x440L:0xffffffc0] 
edge:Excitatory_Cells:800:849:Inhibitory_Cells:150:199, keys_and_masks:[KeyAndMask:0x440L:0xffffffc0] 
edge:Excitatory_Cells:800:849:Inhibitory_Cells:50:99, keys_and_masks:[KeyAndMask:0x440L:0xffffffc0] 
edge:Excitatory_Cells:800:849:Inhibitory_Cells:200:249, keys_and_masks:[KeyAndMask:0x440L:0xffffffc0] 


Vertex: Inhibitory_Cells:200:249 
edge:Inhibitory_Cells:200:249:Excitatory_Cells:0:49, keys_and_masks:[KeyAndMask:0x740L:0xffffffc0] 
edge:Inhibitory_Cells:200:249:Excitatory_Cells:450:499, keys_and_masks:[KeyAndMask:0x740L:0xffffffc0] 
edge:Inhibitory_Cells:200:249:Excitatory_Cells:1050:1099, keys_and_masks:[KeyAndMask:0x740L:0xffffffc0] 
edge:Inhibitory_Cells:200:249:Excitatory_Cells:1000:1049, keys_and_masks:[KeyAndMask:0x740L:0xffffffc0] 
edge:Inhibitory_Cells:200:249:Excitatory_Cells:500:549, keys_and_masks:[KeyAndMask:0x740L:0xffffffc0] 
edge:Inhibitory_Cells:200:249:Excitatory_Cells:1100:1149, keys_and_masks:[KeyAndMask:0x740L:0xffffffc0] 
edge:Inhibitory_Cells:200:249:Excitatory_Cells:550:599, keys_and_masks:[KeyAndMask:0x740L:0xffffffc0] 
edge:Inhibitory_Cells:200:249:Excitatory_Cells:1150:1199, keys_and_masks:[KeyAndMask:0x740L:0xffffffc0] 
edge:Inhibitory_Cells:200:249:Excitatory_Cells:600:649, keys_and_masks:[KeyAndMask:0x740L:0xffffffc0] 
edge:Inhibitory_Cells:200:249:Excitatory_Cells:50:99, keys_and_masks:[KeyAndMask:0x740L:0xffffffc0] 
edge:Inhibitory_Cells:200:249:Excitatory_Cells:650:699, keys_and_masks:[KeyAndMask:0x740L:0xffffffc0] 
edge:Inhibitory_Cells:200:249:Excitatory_Cells:100:149, keys_and_masks:[KeyAndMask:0x740L:0xffffffc0] 
edge:Inhibitory_Cells:200:249:Excitatory_Cells:700:749, keys_and_masks:[KeyAndMask:0x740L:0xffffffc0] 
edge:Inhibitory_Cells:200:249:Excitatory_Cells:150:199, keys_and_masks:[KeyAndMask:0x740L:0xffffffc0] 
edge:Inhibitory_Cells:200:249:Excitatory_Cells:750:799, keys_and_masks:[KeyAndMask:0x740L:0xffffffc0] 
edge:Inhibitory_Cells:200:249:Excitatory_Cells:200:249, keys_and_masks:[KeyAndMask:0x740L:0xffffffc0] 
edge:Inhibitory_Cells:200:249:Excitatory_Cells:800:849, keys_and_masks:[KeyAndMask:0x740L:0xffffffc0] 
edge:Inhibitory_Cells:200:249:Excitatory_Cells:250:299, keys_and_masks:[KeyAndMask:0x740L:0xffffffc0] 
edge:Inhibitory_Cells:200:249:Excitatory_Cells:850:899, keys_and_masks:[KeyAndMask:0x740L:0xffffffc0] 
edge:Inhibitory_Cells:200:249:Excitatory_Cells:300:349, keys_and_masks:[KeyAndMask:0x740L:0xffffffc0] 
edge:Inhibitory_Cells:200:249:Excitatory_Cells:900:949, keys_and_masks:[KeyAndMask:0x740L:0xffffffc0] 
edge:Inhibitory_Cells:200:249:Excitatory_Cells:350:399, keys_and_masks:[KeyAndMask:0x740L:0xffffffc0] 
edge:Inhibitory_Cells:200:249:Excitatory_Cells:950:999, keys_and_masks:[KeyAndMask:0x740L:0xffffffc0] 
edge:Inhibitory_Cells:200:249:Excitatory_Cells:400:449, keys_and_masks:[KeyAndMask:0x740L:0xffffffc0] 
edge:Inhibitory_Cells:200:249:Inhibitory_Cells:100:149, keys_and_masks:[KeyAndMask:0x740L:0xffffffc0] 
edge:Inhibitory_Cells:200:249:Inhibitory_Cells:250:299, keys_and_masks:[KeyAndMask:0x740L:0xffffffc0] 
edge:Inhibitory_Cells:200:249:Inhibitory_Cells:0:49, keys_and_masks:[KeyAndMask:0x740L:0xffffffc0] 
edge:Inhibitory_Cells:200:249:Inhibitory_Cells:150:199, keys_and_masks:[KeyAndMask:0x740L:0xffffffc0] 
edge:Inhibitory_Cells:200:249:Inhibitory_Cells:50:99, keys_and_masks:[KeyAndMask:0x740L:0xffffffc0] 
edge:Inhibitory_Cells:200:249:Inhibitory_Cells:200:249, keys_and_masks:[KeyAndMask:0x740L:0xffffffc0] 


Vertex: Excitatory_Cells:600:649 
edge:Excitatory_Cells:600:649:Excitatory_Cells:0:49, keys_and_masks:[KeyAndMask:0x340L:0xffffffc0] 
edge:Excitatory_Cells:600:649:Excitatory_Cells:450:499, keys_and_masks:[KeyAndMask:0x340L:0xffffffc0] 
edge:Excitatory_Cells:600:649:Excitatory_Cells:1050:1099, keys_and_masks:[KeyAndMask:0x340L:0xffffffc0] 
edge:Excitatory_Cells:600:649:Excitatory_Cells:1000:1049, keys_and_masks:[KeyAndMask:0x340L:0xffffffc0] 
edge:Excitatory_Cells:600:649:Excitatory_Cells:500:549, keys_and_masks:[KeyAndMask:0x340L:0xffffffc0] 
edge:Excitatory_Cells:600:649:Excitatory_Cells:1100:1149, keys_and_masks:[KeyAndMask:0x340L:0xffffffc0] 
edge:Excitatory_Cells:600:649:Excitatory_Cells:550:599, keys_and_masks:[KeyAndMask:0x340L:0xffffffc0] 
edge:Excitatory_Cells:600:649:Excitatory_Cells:1150:1199, keys_and_masks:[KeyAndMask:0x340L:0xffffffc0] 
edge:Excitatory_Cells:600:649:Excitatory_Cells:600:649, keys_and_masks:[KeyAndMask:0x340L:0xffffffc0] 
edge:Excitatory_Cells:600:649:Excitatory_Cells:50:99, keys_and_masks:[KeyAndMask:0x340L:0xffffffc0] 
edge:Excitatory_Cells:600:649:Excitatory_Cells:650:699, keys_and_masks:[KeyAndMask:0x340L:0xffffffc0] 
edge:Excitatory_Cells:600:649:Excitatory_Cells:100:149, keys_and_masks:[KeyAndMask:0x340L:0xffffffc0] 
edge:Excitatory_Cells:600:649:Excitatory_Cells:700:749, keys_and_masks:[KeyAndMask:0x340L:0xffffffc0] 
edge:Excitatory_Cells:600:649:Excitatory_Cells:150:199, keys_and_masks:[KeyAndMask:0x340L:0xffffffc0] 
edge:Excitatory_Cells:600:649:Excitatory_Cells:750:799, keys_and_masks:[KeyAndMask:0x340L:0xffffffc0] 
edge:Excitatory_Cells:600:649:Excitatory_Cells:200:249, keys_and_masks:[KeyAndMask:0x340L:0xffffffc0] 
edge:Excitatory_Cells:600:649:Excitatory_Cells:800:849, keys_and_masks:[KeyAndMask:0x340L:0xffffffc0] 
edge:Excitatory_Cells:600:649:Excitatory_Cells:250:299, keys_and_masks:[KeyAndMask:0x340L:0xffffffc0] 
edge:Excitatory_Cells:600:649:Excitatory_Cells:850:899, keys_and_masks:[KeyAndMask:0x340L:0xffffffc0] 
edge:Excitatory_Cells:600:649:Excitatory_Cells:300:349, keys_and_masks:[KeyAndMask:0x340L:0xffffffc0] 
edge:Excitatory_Cells:600:649:Excitatory_Cells:900:949, keys_and_masks:[KeyAndMask:0x340L:0xffffffc0] 
edge:Excitatory_Cells:600:649:Excitatory_Cells:350:399, keys_and_masks:[KeyAndMask:0x340L:0xffffffc0] 
edge:Excitatory_Cells:600:649:Excitatory_Cells:950:999, keys_and_masks:[KeyAndMask:0x340L:0xffffffc0] 
edge:Excitatory_Cells:600:649:Excitatory_Cells:400:449, keys_and_masks:[KeyAndMask:0x340L:0xffffffc0] 
edge:Excitatory_Cells:600:649:Inhibitory_Cells:100:149, keys_and_masks:[KeyAndMask:0x340L:0xffffffc0] 
edge:Excitatory_Cells:600:649:Inhibitory_Cells:250:299, keys_and_masks:[KeyAndMask:0x340L:0xffffffc0] 
edge:Excitatory_Cells:600:649:Inhibitory_Cells:0:49, keys_and_masks:[KeyAndMask:0x340L:0xffffffc0] 
edge:Excitatory_Cells:600:649:Inhibitory_Cells:150:199, keys_and_masks:[KeyAndMask:0x340L:0xffffffc0] 
edge:Excitatory_Cells:600:649:Inhibitory_Cells:50:99, keys_and_masks:[KeyAndMask:0x340L:0xffffffc0] 
edge:Excitatory_Cells:600:649:Inhibitory_Cells:200:249, keys_and_masks:[KeyAndMask:0x340L:0xffffffc0] 


Vertex: Excitatory_Cells:300:349 
edge:Excitatory_Cells:300:349:Excitatory_Cells:0:49, keys_and_masks:[KeyAndMask:0x1c0L:0xffffffc0] 
edge:Excitatory_Cells:300:349:Excitatory_Cells:450:499, keys_and_masks:[KeyAndMask:0x1c0L:0xffffffc0] 
edge:Excitatory_Cells:300:349:Excitatory_Cells:1050:1099, keys_and_masks:[KeyAndMask:0x1c0L:0xffffffc0] 
edge:Excitatory_Cells:300:349:Excitatory_Cells:1000:1049, keys_and_masks:[KeyAndMask:0x1c0L:0xffffffc0] 
edge:Excitatory_Cells:300:349:Excitatory_Cells:500:549, keys_and_masks:[KeyAndMask:0x1c0L:0xffffffc0] 
edge:Excitatory_Cells:300:349:Excitatory_Cells:1100:1149, keys_and_masks:[KeyAndMask:0x1c0L:0xffffffc0] 
edge:Excitatory_Cells:300:349:Excitatory_Cells:550:599, keys_and_masks:[KeyAndMask:0x1c0L:0xffffffc0] 
edge:Excitatory_Cells:300:349:Excitatory_Cells:1150:1199, keys_and_masks:[KeyAndMask:0x1c0L:0xffffffc0] 
edge:Excitatory_Cells:300:349:Excitatory_Cells:600:649, keys_and_masks:[KeyAndMask:0x1c0L:0xffffffc0] 
edge:Excitatory_Cells:300:349:Excitatory_Cells:50:99, keys_and_masks:[KeyAndMask:0x1c0L:0xffffffc0] 
edge:Excitatory_Cells:300:349:Excitatory_Cells:650:699, keys_and_masks:[KeyAndMask:0x1c0L:0xffffffc0] 
edge:Excitatory_Cells:300:349:Excitatory_Cells:100:149, keys_and_masks:[KeyAndMask:0x1c0L:0xffffffc0] 
edge:Excitatory_Cells:300:349:Excitatory_Cells:700:749, keys_and_masks:[KeyAndMask:0x1c0L:0xffffffc0] 
edge:Excitatory_Cells:300:349:Excitatory_Cells:150:199, keys_and_masks:[KeyAndMask:0x1c0L:0xffffffc0] 
edge:Excitatory_Cells:300:349:Excitatory_Cells:750:799, keys_and_masks:[KeyAndMask:0x1c0L:0xffffffc0] 
edge:Excitatory_Cells:300:349:Excitatory_Cells:200:249, keys_and_masks:[KeyAndMask:0x1c0L:0xffffffc0] 
edge:Excitatory_Cells:300:349:Excitatory_Cells:800:849, keys_and_masks:[KeyAndMask:0x1c0L:0xffffffc0] 
edge:Excitatory_Cells:300:349:Excitatory_Cells:250:299, keys_and_masks:[KeyAndMask:0x1c0L:0xffffffc0] 
edge:Excitatory_Cells:300:349:Excitatory_Cells:850:899, keys_and_masks:[KeyAndMask:0x1c0L:0xffffffc0] 
edge:Excitatory_Cells:300:349:Excitatory_Cells:300:349, keys_and_masks:[KeyAndMask:0x1c0L:0xffffffc0] 
edge:Excitatory_Cells:300:349:Excitatory_Cells:900:949, keys_and_masks:[KeyAndMask:0x1c0L:0xffffffc0] 
edge:Excitatory_Cells:300:349:Excitatory_Cells:350:399, keys_and_masks:[KeyAndMask:0x1c0L:0xffffffc0] 
edge:Excitatory_Cells:300:349:Excitatory_Cells:950:999, keys_and_masks:[KeyAndMask:0x1c0L:0xffffffc0] 
edge:Excitatory_Cells:300:349:Excitatory_Cells:400:449, keys_and_masks:[KeyAndMask:0x1c0L:0xffffffc0] 
edge:Excitatory_Cells:300:349:Inhibitory_Cells:100:149, keys_and_masks:[KeyAndMask:0x1c0L:0xffffffc0] 
edge:Excitatory_Cells:300:349:Inhibitory_Cells:250:299, keys_and_masks:[KeyAndMask:0x1c0L:0xffffffc0] 
edge:Excitatory_Cells:300:349:Inhibitory_Cells:0:49, keys_and_masks:[KeyAndMask:0x1c0L:0xffffffc0] 
edge:Excitatory_Cells:300:349:Inhibitory_Cells:150:199, keys_and_masks:[KeyAndMask:0x1c0L:0xffffffc0] 
edge:Excitatory_Cells:300:349:Inhibitory_Cells:50:99, keys_and_masks:[KeyAndMask:0x1c0L:0xffffffc0] 
edge:Excitatory_Cells:300:349:Inhibitory_Cells:200:249, keys_and_masks:[KeyAndMask:0x1c0L:0xffffffc0] 


Vertex: Excitatory_Cells:1000:1049 
edge:Excitatory_Cells:1000:1049:Excitatory_Cells:0:49, keys_and_masks:[KeyAndMask:0x540L:0xffffffc0] 
edge:Excitatory_Cells:1000:1049:Excitatory_Cells:450:499, keys_and_masks:[KeyAndMask:0x540L:0xffffffc0] 
edge:Excitatory_Cells:1000:1049:Excitatory_Cells:1050:1099, keys_and_masks:[KeyAndMask:0x540L:0xffffffc0] 
edge:Excitatory_Cells:1000:1049:Excitatory_Cells:1000:1049, keys_and_masks:[KeyAndMask:0x540L:0xffffffc0] 
edge:Excitatory_Cells:1000:1049:Excitatory_Cells:500:549, keys_and_masks:[KeyAndMask:0x540L:0xffffffc0] 
edge:Excitatory_Cells:1000:1049:Excitatory_Cells:1100:1149, keys_and_masks:[KeyAndMask:0x540L:0xffffffc0] 
edge:Excitatory_Cells:1000:1049:Excitatory_Cells:550:599, keys_and_masks:[KeyAndMask:0x540L:0xffffffc0] 
edge:Excitatory_Cells:1000:1049:Excitatory_Cells:1150:1199, keys_and_masks:[KeyAndMask:0x540L:0xffffffc0] 
edge:Excitatory_Cells:1000:1049:Excitatory_Cells:600:649, keys_and_masks:[KeyAndMask:0x540L:0xffffffc0] 
edge:Excitatory_Cells:1000:1049:Excitatory_Cells:50:99, keys_and_masks:[KeyAndMask:0x540L:0xffffffc0] 
edge:Excitatory_Cells:1000:1049:Excitatory_Cells:650:699, keys_and_masks:[KeyAndMask:0x540L:0xffffffc0] 
edge:Excitatory_Cells:1000:1049:Excitatory_Cells:100:149, keys_and_masks:[KeyAndMask:0x540L:0xffffffc0] 
edge:Excitatory_Cells:1000:1049:Excitatory_Cells:700:749, keys_and_masks:[KeyAndMask:0x540L:0xffffffc0] 
edge:Excitatory_Cells:1000:1049:Excitatory_Cells:150:199, keys_and_masks:[KeyAndMask:0x540L:0xffffffc0] 
edge:Excitatory_Cells:1000:1049:Excitatory_Cells:750:799, keys_and_masks:[KeyAndMask:0x540L:0xffffffc0] 
edge:Excitatory_Cells:1000:1049:Excitatory_Cells:200:249, keys_and_masks:[KeyAndMask:0x540L:0xffffffc0] 
edge:Excitatory_Cells:1000:1049:Excitatory_Cells:800:849, keys_and_masks:[KeyAndMask:0x540L:0xffffffc0] 
edge:Excitatory_Cells:1000:1049:Excitatory_Cells:250:299, keys_and_masks:[KeyAndMask:0x540L:0xffffffc0] 
edge:Excitatory_Cells:1000:1049:Excitatory_Cells:850:899, keys_and_masks:[KeyAndMask:0x540L:0xffffffc0] 
edge:Excitatory_Cells:1000:1049:Excitatory_Cells:300:349, keys_and_masks:[KeyAndMask:0x540L:0xffffffc0] 
edge:Excitatory_Cells:1000:1049:Excitatory_Cells:900:949, keys_and_masks:[KeyAndMask:0x540L:0xffffffc0] 
edge:Excitatory_Cells:1000:1049:Excitatory_Cells:350:399, keys_and_masks:[KeyAndMask:0x540L:0xffffffc0] 
edge:Excitatory_Cells:1000:1049:Excitatory_Cells:950:999, keys_and_masks:[KeyAndMask:0x540L:0xffffffc0] 
edge:Excitatory_Cells:1000:1049:Excitatory_Cells:400:449, keys_and_masks:[KeyAndMask:0x540L:0xffffffc0] 
edge:Excitatory_Cells:1000:1049:Inhibitory_Cells:100:149, keys_and_masks:[KeyAndMask:0x540L:0xffffffc0] 
edge:Excitatory_Cells:1000:1049:Inhibitory_Cells:250:299, keys_and_masks:[KeyAndMask:0x540L:0xffffffc0] 
edge:Excitatory_Cells:1000:1049:Inhibitory_Cells:0:49, keys_and_masks:[KeyAndMask:0x540L:0xffffffc0] 
edge:Excitatory_Cells:1000:1049:Inhibitory_Cells:150:199, keys_and_masks:[KeyAndMask:0x540L:0xffffffc0] 
edge:Excitatory_Cells:1000:1049:Inhibitory_Cells:50:99, keys_and_masks:[KeyAndMask:0x540L:0xffffffc0] 
edge:Excitatory_Cells:1000:1049:Inhibitory_Cells:200:249, keys_and_masks:[KeyAndMask:0x540L:0xffffffc0] 


Vertex: Inhibitory_Cells:250:299 
edge:Inhibitory_Cells:250:299:Excitatory_Cells:0:49, keys_and_masks:[KeyAndMask:0x780L:0xffffffc0] 
edge:Inhibitory_Cells:250:299:Excitatory_Cells:450:499, keys_and_masks:[KeyAndMask:0x780L:0xffffffc0] 
edge:Inhibitory_Cells:250:299:Excitatory_Cells:1050:1099, keys_and_masks:[KeyAndMask:0x780L:0xffffffc0] 
edge:Inhibitory_Cells:250:299:Excitatory_Cells:1000:1049, keys_and_masks:[KeyAndMask:0x780L:0xffffffc0] 
edge:Inhibitory_Cells:250:299:Excitatory_Cells:500:549, keys_and_masks:[KeyAndMask:0x780L:0xffffffc0] 
edge:Inhibitory_Cells:250:299:Excitatory_Cells:1100:1149, keys_and_masks:[KeyAndMask:0x780L:0xffffffc0] 
edge:Inhibitory_Cells:250:299:Excitatory_Cells:550:599, keys_and_masks:[KeyAndMask:0x780L:0xffffffc0] 
edge:Inhibitory_Cells:250:299:Excitatory_Cells:1150:1199, keys_and_masks:[KeyAndMask:0x780L:0xffffffc0] 
edge:Inhibitory_Cells:250:299:Excitatory_Cells:600:649, keys_and_masks:[KeyAndMask:0x780L:0xffffffc0] 
edge:Inhibitory_Cells:250:299:Excitatory_Cells:50:99, keys_and_masks:[KeyAndMask:0x780L:0xffffffc0] 
edge:Inhibitory_Cells:250:299:Excitatory_Cells:650:699, keys_and_masks:[KeyAndMask:0x780L:0xffffffc0] 
edge:Inhibitory_Cells:250:299:Excitatory_Cells:100:149, keys_and_masks:[KeyAndMask:0x780L:0xffffffc0] 
edge:Inhibitory_Cells:250:299:Excitatory_Cells:700:749, keys_and_masks:[KeyAndMask:0x780L:0xffffffc0] 
edge:Inhibitory_Cells:250:299:Excitatory_Cells:150:199, keys_and_masks:[KeyAndMask:0x780L:0xffffffc0] 
edge:Inhibitory_Cells:250:299:Excitatory_Cells:750:799, keys_and_masks:[KeyAndMask:0x780L:0xffffffc0] 
edge:Inhibitory_Cells:250:299:Excitatory_Cells:200:249, keys_and_masks:[KeyAndMask:0x780L:0xffffffc0] 
edge:Inhibitory_Cells:250:299:Excitatory_Cells:800:849, keys_and_masks:[KeyAndMask:0x780L:0xffffffc0] 
edge:Inhibitory_Cells:250:299:Excitatory_Cells:250:299, keys_and_masks:[KeyAndMask:0x780L:0xffffffc0] 
edge:Inhibitory_Cells:250:299:Excitatory_Cells:850:899, keys_and_masks:[KeyAndMask:0x780L:0xffffffc0] 
edge:Inhibitory_Cells:250:299:Excitatory_Cells:300:349, keys_and_masks:[KeyAndMask:0x780L:0xffffffc0] 
edge:Inhibitory_Cells:250:299:Excitatory_Cells:900:949, keys_and_masks:[KeyAndMask:0x780L:0xffffffc0] 
edge:Inhibitory_Cells:250:299:Excitatory_Cells:350:399, keys_and_masks:[KeyAndMask:0x780L:0xffffffc0] 
edge:Inhibitory_Cells:250:299:Excitatory_Cells:950:999, keys_and_masks:[KeyAndMask:0x780L:0xffffffc0] 
edge:Inhibitory_Cells:250:299:Excitatory_Cells:400:449, keys_and_masks:[KeyAndMask:0x780L:0xffffffc0] 
edge:Inhibitory_Cells:250:299:Inhibitory_Cells:100:149, keys_and_masks:[KeyAndMask:0x780L:0xffffffc0] 
edge:Inhibitory_Cells:250:299:Inhibitory_Cells:250:299, keys_and_masks:[KeyAndMask:0x780L:0xffffffc0] 
edge:Inhibitory_Cells:250:299:Inhibitory_Cells:0:49, keys_and_masks:[KeyAndMask:0x780L:0xffffffc0] 
edge:Inhibitory_Cells:250:299:Inhibitory_Cells:150:199, keys_and_masks:[KeyAndMask:0x780L:0xffffffc0] 
edge:Inhibitory_Cells:250:299:Inhibitory_Cells:50:99, keys_and_masks:[KeyAndMask:0x780L:0xffffffc0] 
edge:Inhibitory_Cells:250:299:Inhibitory_Cells:200:249, keys_and_masks:[KeyAndMask:0x780L:0xffffffc0] 


Vertex: Excitatory_Cells:750:799 
edge:Excitatory_Cells:750:799:Excitatory_Cells:0:49, keys_and_masks:[KeyAndMask:0x400L:0xffffffc0] 
edge:Excitatory_Cells:750:799:Excitatory_Cells:450:499, keys_and_masks:[KeyAndMask:0x400L:0xffffffc0] 
edge:Excitatory_Cells:750:799:Excitatory_Cells:1050:1099, keys_and_masks:[KeyAndMask:0x400L:0xffffffc0] 
edge:Excitatory_Cells:750:799:Excitatory_Cells:1000:1049, keys_and_masks:[KeyAndMask:0x400L:0xffffffc0] 
edge:Excitatory_Cells:750:799:Excitatory_Cells:500:549, keys_and_masks:[KeyAndMask:0x400L:0xffffffc0] 
edge:Excitatory_Cells:750:799:Excitatory_Cells:1100:1149, keys_and_masks:[KeyAndMask:0x400L:0xffffffc0] 
edge:Excitatory_Cells:750:799:Excitatory_Cells:550:599, keys_and_masks:[KeyAndMask:0x400L:0xffffffc0] 
edge:Excitatory_Cells:750:799:Excitatory_Cells:1150:1199, keys_and_masks:[KeyAndMask:0x400L:0xffffffc0] 
edge:Excitatory_Cells:750:799:Excitatory_Cells:600:649, keys_and_masks:[KeyAndMask:0x400L:0xffffffc0] 
edge:Excitatory_Cells:750:799:Excitatory_Cells:50:99, keys_and_masks:[KeyAndMask:0x400L:0xffffffc0] 
edge:Excitatory_Cells:750:799:Excitatory_Cells:650:699, keys_and_masks:[KeyAndMask:0x400L:0xffffffc0] 
edge:Excitatory_Cells:750:799:Excitatory_Cells:100:149, keys_and_masks:[KeyAndMask:0x400L:0xffffffc0] 
edge:Excitatory_Cells:750:799:Excitatory_Cells:700:749, keys_and_masks:[KeyAndMask:0x400L:0xffffffc0] 
edge:Excitatory_Cells:750:799:Excitatory_Cells:150:199, keys_and_masks:[KeyAndMask:0x400L:0xffffffc0] 
edge:Excitatory_Cells:750:799:Excitatory_Cells:750:799, keys_and_masks:[KeyAndMask:0x400L:0xffffffc0] 
edge:Excitatory_Cells:750:799:Excitatory_Cells:200:249, keys_and_masks:[KeyAndMask:0x400L:0xffffffc0] 
edge:Excitatory_Cells:750:799:Excitatory_Cells:800:849, keys_and_masks:[KeyAndMask:0x400L:0xffffffc0] 
edge:Excitatory_Cells:750:799:Excitatory_Cells:250:299, keys_and_masks:[KeyAndMask:0x400L:0xffffffc0] 
edge:Excitatory_Cells:750:799:Excitatory_Cells:850:899, keys_and_masks:[KeyAndMask:0x400L:0xffffffc0] 
edge:Excitatory_Cells:750:799:Excitatory_Cells:300:349, keys_and_masks:[KeyAndMask:0x400L:0xffffffc0] 
edge:Excitatory_Cells:750:799:Excitatory_Cells:900:949, keys_and_masks:[KeyAndMask:0x400L:0xffffffc0] 
edge:Excitatory_Cells:750:799:Excitatory_Cells:350:399, keys_and_masks:[KeyAndMask:0x400L:0xffffffc0] 
edge:Excitatory_Cells:750:799:Excitatory_Cells:950:999, keys_and_masks:[KeyAndMask:0x400L:0xffffffc0] 
edge:Excitatory_Cells:750:799:Excitatory_Cells:400:449, keys_and_masks:[KeyAndMask:0x400L:0xffffffc0] 
edge:Excitatory_Cells:750:799:Inhibitory_Cells:100:149, keys_and_masks:[KeyAndMask:0x400L:0xffffffc0] 
edge:Excitatory_Cells:750:799:Inhibitory_Cells:250:299, keys_and_masks:[KeyAndMask:0x400L:0xffffffc0] 
edge:Excitatory_Cells:750:799:Inhibitory_Cells:0:49, keys_and_masks:[KeyAndMask:0x400L:0xffffffc0] 
edge:Excitatory_Cells:750:799:Inhibitory_Cells:150:199, keys_and_masks:[KeyAndMask:0x400L:0xffffffc0] 
edge:Excitatory_Cells:750:799:Inhibitory_Cells:50:99, keys_and_masks:[KeyAndMask:0x400L:0xffffffc0] 
edge:Excitatory_Cells:750:799:Inhibitory_Cells:200:249, keys_and_masks:[KeyAndMask:0x400L:0xffffffc0] 


Vertex: Excitatory_Cells:1050:1099 
edge:Excitatory_Cells:1050:1099:Excitatory_Cells:0:49, keys_and_masks:[KeyAndMask:0x580L:0xffffffc0] 
edge:Excitatory_Cells:1050:1099:Excitatory_Cells:450:499, keys_and_masks:[KeyAndMask:0x580L:0xffffffc0] 
edge:Excitatory_Cells:1050:1099:Excitatory_Cells:1050:1099, keys_and_masks:[KeyAndMask:0x580L:0xffffffc0] 
edge:Excitatory_Cells:1050:1099:Excitatory_Cells:1000:1049, keys_and_masks:[KeyAndMask:0x580L:0xffffffc0] 
edge:Excitatory_Cells:1050:1099:Excitatory_Cells:500:549, keys_and_masks:[KeyAndMask:0x580L:0xffffffc0] 
edge:Excitatory_Cells:1050:1099:Excitatory_Cells:1100:1149, keys_and_masks:[KeyAndMask:0x580L:0xffffffc0] 
edge:Excitatory_Cells:1050:1099:Excitatory_Cells:550:599, keys_and_masks:[KeyAndMask:0x580L:0xffffffc0] 
edge:Excitatory_Cells:1050:1099:Excitatory_Cells:1150:1199, keys_and_masks:[KeyAndMask:0x580L:0xffffffc0] 
edge:Excitatory_Cells:1050:1099:Excitatory_Cells:600:649, keys_and_masks:[KeyAndMask:0x580L:0xffffffc0] 
edge:Excitatory_Cells:1050:1099:Excitatory_Cells:50:99, keys_and_masks:[KeyAndMask:0x580L:0xffffffc0] 
edge:Excitatory_Cells:1050:1099:Excitatory_Cells:650:699, keys_and_masks:[KeyAndMask:0x580L:0xffffffc0] 
edge:Excitatory_Cells:1050:1099:Excitatory_Cells:100:149, keys_and_masks:[KeyAndMask:0x580L:0xffffffc0] 
edge:Excitatory_Cells:1050:1099:Excitatory_Cells:700:749, keys_and_masks:[KeyAndMask:0x580L:0xffffffc0] 
edge:Excitatory_Cells:1050:1099:Excitatory_Cells:150:199, keys_and_masks:[KeyAndMask:0x580L:0xffffffc0] 
edge:Excitatory_Cells:1050:1099:Excitatory_Cells:750:799, keys_and_masks:[KeyAndMask:0x580L:0xffffffc0] 
edge:Excitatory_Cells:1050:1099:Excitatory_Cells:200:249, keys_and_masks:[KeyAndMask:0x580L:0xffffffc0] 
edge:Excitatory_Cells:1050:1099:Excitatory_Cells:800:849, keys_and_masks:[KeyAndMask:0x580L:0xffffffc0] 
edge:Excitatory_Cells:1050:1099:Excitatory_Cells:250:299, keys_and_masks:[KeyAndMask:0x580L:0xffffffc0] 
edge:Excitatory_Cells:1050:1099:Excitatory_Cells:850:899, keys_and_masks:[KeyAndMask:0x580L:0xffffffc0] 
edge:Excitatory_Cells:1050:1099:Excitatory_Cells:300:349, keys_and_masks:[KeyAndMask:0x580L:0xffffffc0] 
edge:Excitatory_Cells:1050:1099:Excitatory_Cells:900:949, keys_and_masks:[KeyAndMask:0x580L:0xffffffc0] 
edge:Excitatory_Cells:1050:1099:Excitatory_Cells:350:399, keys_and_masks:[KeyAndMask:0x580L:0xffffffc0] 
edge:Excitatory_Cells:1050:1099:Excitatory_Cells:950:999, keys_and_masks:[KeyAndMask:0x580L:0xffffffc0] 
edge:Excitatory_Cells:1050:1099:Excitatory_Cells:400:449, keys_and_masks:[KeyAndMask:0x580L:0xffffffc0] 
edge:Excitatory_Cells:1050:1099:Inhibitory_Cells:100:149, keys_and_masks:[KeyAndMask:0x580L:0xffffffc0] 
edge:Excitatory_Cells:1050:1099:Inhibitory_Cells:250:299, keys_and_masks:[KeyAndMask:0x580L:0xffffffc0] 
edge:Excitatory_Cells:1050:1099:Inhibitory_Cells:0:49, keys_and_masks:[KeyAndMask:0x580L:0xffffffc0] 
edge:Excitatory_Cells:1050:1099:Inhibitory_Cells:150:199, keys_and_masks:[KeyAndMask:0x580L:0xffffffc0] 
edge:Excitatory_Cells:1050:1099:Inhibitory_Cells:50:99, keys_and_masks:[KeyAndMask:0x580L:0xffffffc0] 
edge:Excitatory_Cells:1050:1099:Inhibitory_Cells:200:249, keys_and_masks:[KeyAndMask:0x580L:0xffffffc0] 


Vertex: Excitatory_Cells:900:949 
edge:Excitatory_Cells:900:949:Excitatory_Cells:0:49, keys_and_masks:[KeyAndMask:0x4c0L:0xffffffc0] 
edge:Excitatory_Cells:900:949:Excitatory_Cells:450:499, keys_and_masks:[KeyAndMask:0x4c0L:0xffffffc0] 
edge:Excitatory_Cells:900:949:Excitatory_Cells:1050:1099, keys_and_masks:[KeyAndMask:0x4c0L:0xffffffc0] 
edge:Excitatory_Cells:900:949:Excitatory_Cells:1000:1049, keys_and_masks:[KeyAndMask:0x4c0L:0xffffffc0] 
edge:Excitatory_Cells:900:949:Excitatory_Cells:500:549, keys_and_masks:[KeyAndMask:0x4c0L:0xffffffc0] 
edge:Excitatory_Cells:900:949:Excitatory_Cells:1100:1149, keys_and_masks:[KeyAndMask:0x4c0L:0xffffffc0] 
edge:Excitatory_Cells:900:949:Excitatory_Cells:550:599, keys_and_masks:[KeyAndMask:0x4c0L:0xffffffc0] 
edge:Excitatory_Cells:900:949:Excitatory_Cells:1150:1199, keys_and_masks:[KeyAndMask:0x4c0L:0xffffffc0] 
edge:Excitatory_Cells:900:949:Excitatory_Cells:600:649, keys_and_masks:[KeyAndMask:0x4c0L:0xffffffc0] 
edge:Excitatory_Cells:900:949:Excitatory_Cells:50:99, keys_and_masks:[KeyAndMask:0x4c0L:0xffffffc0] 
edge:Excitatory_Cells:900:949:Excitatory_Cells:650:699, keys_and_masks:[KeyAndMask:0x4c0L:0xffffffc0] 
edge:Excitatory_Cells:900:949:Excitatory_Cells:100:149, keys_and_masks:[KeyAndMask:0x4c0L:0xffffffc0] 
edge:Excitatory_Cells:900:949:Excitatory_Cells:700:749, keys_and_masks:[KeyAndMask:0x4c0L:0xffffffc0] 
edge:Excitatory_Cells:900:949:Excitatory_Cells:150:199, keys_and_masks:[KeyAndMask:0x4c0L:0xffffffc0] 
edge:Excitatory_Cells:900:949:Excitatory_Cells:750:799, keys_and_masks:[KeyAndMask:0x4c0L:0xffffffc0] 
edge:Excitatory_Cells:900:949:Excitatory_Cells:200:249, keys_and_masks:[KeyAndMask:0x4c0L:0xffffffc0] 
edge:Excitatory_Cells:900:949:Excitatory_Cells:800:849, keys_and_masks:[KeyAndMask:0x4c0L:0xffffffc0] 
edge:Excitatory_Cells:900:949:Excitatory_Cells:250:299, keys_and_masks:[KeyAndMask:0x4c0L:0xffffffc0] 
edge:Excitatory_Cells:900:949:Excitatory_Cells:850:899, keys_and_masks:[KeyAndMask:0x4c0L:0xffffffc0] 
edge:Excitatory_Cells:900:949:Excitatory_Cells:300:349, keys_and_masks:[KeyAndMask:0x4c0L:0xffffffc0] 
edge:Excitatory_Cells:900:949:Excitatory_Cells:900:949, keys_and_masks:[KeyAndMask:0x4c0L:0xffffffc0] 
edge:Excitatory_Cells:900:949:Excitatory_Cells:350:399, keys_and_masks:[KeyAndMask:0x4c0L:0xffffffc0] 
edge:Excitatory_Cells:900:949:Excitatory_Cells:950:999, keys_and_masks:[KeyAndMask:0x4c0L:0xffffffc0] 
edge:Excitatory_Cells:900:949:Excitatory_Cells:400:449, keys_and_masks:[KeyAndMask:0x4c0L:0xffffffc0] 
edge:Excitatory_Cells:900:949:Inhibitory_Cells:100:149, keys_and_masks:[KeyAndMask:0x4c0L:0xffffffc0] 
edge:Excitatory_Cells:900:949:Inhibitory_Cells:250:299, keys_and_masks:[KeyAndMask:0x4c0L:0xffffffc0] 
edge:Excitatory_Cells:900:949:Inhibitory_Cells:0:49, keys_and_masks:[KeyAndMask:0x4c0L:0xffffffc0] 
edge:Excitatory_Cells:900:949:Inhibitory_Cells:150:199, keys_and_masks:[KeyAndMask:0x4c0L:0xffffffc0] 
edge:Excitatory_Cells:900:949:Inhibitory_Cells:50:99, keys_and_masks:[KeyAndMask:0x4c0L:0xffffffc0] 
edge:Excitatory_Cells:900:949:Inhibitory_Cells:200:249, keys_and_masks:[KeyAndMask:0x4c0L:0xffffffc0] 


Vertex: Excitatory_Cells:50:99 
edge:Excitatory_Cells:50:99:Excitatory_Cells:0:49, keys_and_masks:[KeyAndMask:0x80L:0xffffffc0] 
edge:Excitatory_Cells:50:99:Excitatory_Cells:450:499, keys_and_masks:[KeyAndMask:0x80L:0xffffffc0] 
edge:Excitatory_Cells:50:99:Excitatory_Cells:1050:1099, keys_and_masks:[KeyAndMask:0x80L:0xffffffc0] 
edge:Excitatory_Cells:50:99:Excitatory_Cells:1000:1049, keys_and_masks:[KeyAndMask:0x80L:0xffffffc0] 
edge:Excitatory_Cells:50:99:Excitatory_Cells:500:549, keys_and_masks:[KeyAndMask:0x80L:0xffffffc0] 
edge:Excitatory_Cells:50:99:Excitatory_Cells:1100:1149, keys_and_masks:[KeyAndMask:0x80L:0xffffffc0] 
edge:Excitatory_Cells:50:99:Excitatory_Cells:550:599, keys_and_masks:[KeyAndMask:0x80L:0xffffffc0] 
edge:Excitatory_Cells:50:99:Excitatory_Cells:1150:1199, keys_and_masks:[KeyAndMask:0x80L:0xffffffc0] 
edge:Excitatory_Cells:50:99:Excitatory_Cells:600:649, keys_and_masks:[KeyAndMask:0x80L:0xffffffc0] 
edge:Excitatory_Cells:50:99:Excitatory_Cells:50:99, keys_and_masks:[KeyAndMask:0x80L:0xffffffc0] 
edge:Excitatory_Cells:50:99:Excitatory_Cells:650:699, keys_and_masks:[KeyAndMask:0x80L:0xffffffc0] 
edge:Excitatory_Cells:50:99:Excitatory_Cells:100:149, keys_and_masks:[KeyAndMask:0x80L:0xffffffc0] 
edge:Excitatory_Cells:50:99:Excitatory_Cells:700:749, keys_and_masks:[KeyAndMask:0x80L:0xffffffc0] 
edge:Excitatory_Cells:50:99:Excitatory_Cells:150:199, keys_and_masks:[KeyAndMask:0x80L:0xffffffc0] 
edge:Excitatory_Cells:50:99:Excitatory_Cells:750:799, keys_and_masks:[KeyAndMask:0x80L:0xffffffc0] 
edge:Excitatory_Cells:50:99:Excitatory_Cells:200:249, keys_and_masks:[KeyAndMask:0x80L:0xffffffc0] 
edge:Excitatory_Cells:50:99:Excitatory_Cells:800:849, keys_and_masks:[KeyAndMask:0x80L:0xffffffc0] 
edge:Excitatory_Cells:50:99:Excitatory_Cells:250:299, keys_and_masks:[KeyAndMask:0x80L:0xffffffc0] 
edge:Excitatory_Cells:50:99:Excitatory_Cells:850:899, keys_and_masks:[KeyAndMask:0x80L:0xffffffc0] 
edge:Excitatory_Cells:50:99:Excitatory_Cells:300:349, keys_and_masks:[KeyAndMask:0x80L:0xffffffc0] 
edge:Excitatory_Cells:50:99:Excitatory_Cells:900:949, keys_and_masks:[KeyAndMask:0x80L:0xffffffc0] 
edge:Excitatory_Cells:50:99:Excitatory_Cells:350:399, keys_and_masks:[KeyAndMask:0x80L:0xffffffc0] 
edge:Excitatory_Cells:50:99:Excitatory_Cells:950:999, keys_and_masks:[KeyAndMask:0x80L:0xffffffc0] 
edge:Excitatory_Cells:50:99:Excitatory_Cells:400:449, keys_and_masks:[KeyAndMask:0x80L:0xffffffc0] 
edge:Excitatory_Cells:50:99:Inhibitory_Cells:100:149, keys_and_masks:[KeyAndMask:0x80L:0xffffffc0] 
edge:Excitatory_Cells:50:99:Inhibitory_Cells:250:299, keys_and_masks:[KeyAndMask:0x80L:0xffffffc0] 
edge:Excitatory_Cells:50:99:Inhibitory_Cells:0:49, keys_and_masks:[KeyAndMask:0x80L:0xffffffc0] 
edge:Excitatory_Cells:50:99:Inhibitory_Cells:150:199, keys_and_masks:[KeyAndMask:0x80L:0xffffffc0] 
edge:Excitatory_Cells:50:99:Inhibitory_Cells:50:99, keys_and_masks:[KeyAndMask:0x80L:0xffffffc0] 
edge:Excitatory_Cells:50:99:Inhibitory_Cells:200:249, keys_and_masks:[KeyAndMask:0x80L:0xffffffc0] 


Vertex: Inhibitory_Cells:0:49 
edge:Inhibitory_Cells:0:49:Excitatory_Cells:0:49, keys_and_masks:[KeyAndMask:0x640L:0xffffffc0] 
edge:Inhibitory_Cells:0:49:Excitatory_Cells:450:499, keys_and_masks:[KeyAndMask:0x640L:0xffffffc0] 
edge:Inhibitory_Cells:0:49:Excitatory_Cells:1050:1099, keys_and_masks:[KeyAndMask:0x640L:0xffffffc0] 
edge:Inhibitory_Cells:0:49:Excitatory_Cells:1000:1049, keys_and_masks:[KeyAndMask:0x640L:0xffffffc0] 
edge:Inhibitory_Cells:0:49:Excitatory_Cells:500:549, keys_and_masks:[KeyAndMask:0x640L:0xffffffc0] 
edge:Inhibitory_Cells:0:49:Excitatory_Cells:1100:1149, keys_and_masks:[KeyAndMask:0x640L:0xffffffc0] 
edge:Inhibitory_Cells:0:49:Excitatory_Cells:550:599, keys_and_masks:[KeyAndMask:0x640L:0xffffffc0] 
edge:Inhibitory_Cells:0:49:Excitatory_Cells:1150:1199, keys_and_masks:[KeyAndMask:0x640L:0xffffffc0] 
edge:Inhibitory_Cells:0:49:Excitatory_Cells:600:649, keys_and_masks:[KeyAndMask:0x640L:0xffffffc0] 
edge:Inhibitory_Cells:0:49:Excitatory_Cells:50:99, keys_and_masks:[KeyAndMask:0x640L:0xffffffc0] 
edge:Inhibitory_Cells:0:49:Excitatory_Cells:650:699, keys_and_masks:[KeyAndMask:0x640L:0xffffffc0] 
edge:Inhibitory_Cells:0:49:Excitatory_Cells:100:149, keys_and_masks:[KeyAndMask:0x640L:0xffffffc0] 
edge:Inhibitory_Cells:0:49:Excitatory_Cells:700:749, keys_and_masks:[KeyAndMask:0x640L:0xffffffc0] 
edge:Inhibitory_Cells:0:49:Excitatory_Cells:150:199, keys_and_masks:[KeyAndMask:0x640L:0xffffffc0] 
edge:Inhibitory_Cells:0:49:Excitatory_Cells:750:799, keys_and_masks:[KeyAndMask:0x640L:0xffffffc0] 
edge:Inhibitory_Cells:0:49:Excitatory_Cells:200:249, keys_and_masks:[KeyAndMask:0x640L:0xffffffc0] 
edge:Inhibitory_Cells:0:49:Excitatory_Cells:800:849, keys_and_masks:[KeyAndMask:0x640L:0xffffffc0] 
edge:Inhibitory_Cells:0:49:Excitatory_Cells:250:299, keys_and_masks:[KeyAndMask:0x640L:0xffffffc0] 
edge:Inhibitory_Cells:0:49:Excitatory_Cells:850:899, keys_and_masks:[KeyAndMask:0x640L:0xffffffc0] 
edge:Inhibitory_Cells:0:49:Excitatory_Cells:300:349, keys_and_masks:[KeyAndMask:0x640L:0xffffffc0] 
edge:Inhibitory_Cells:0:49:Excitatory_Cells:900:949, keys_and_masks:[KeyAndMask:0x640L:0xffffffc0] 
edge:Inhibitory_Cells:0:49:Excitatory_Cells:350:399, keys_and_masks:[KeyAndMask:0x640L:0xffffffc0] 
edge:Inhibitory_Cells:0:49:Excitatory_Cells:950:999, keys_and_masks:[KeyAndMask:0x640L:0xffffffc0] 
edge:Inhibitory_Cells:0:49:Excitatory_Cells:400:449, keys_and_masks:[KeyAndMask:0x640L:0xffffffc0] 
edge:Inhibitory_Cells:0:49:Inhibitory_Cells:100:149, keys_and_masks:[KeyAndMask:0x640L:0xffffffc0] 
edge:Inhibitory_Cells:0:49:Inhibitory_Cells:250:299, keys_and_masks:[KeyAndMask:0x640L:0xffffffc0] 
edge:Inhibitory_Cells:0:49:Inhibitory_Cells:0:49, keys_and_masks:[KeyAndMask:0x640L:0xffffffc0] 
edge:Inhibitory_Cells:0:49:Inhibitory_Cells:150:199, keys_and_masks:[KeyAndMask:0x640L:0xffffffc0] 
edge:Inhibitory_Cells:0:49:Inhibitory_Cells:50:99, keys_and_masks:[KeyAndMask:0x640L:0xffffffc0] 
edge:Inhibitory_Cells:0:49:Inhibitory_Cells:200:249, keys_and_masks:[KeyAndMask:0x640L:0xffffffc0] 


Vertex: Excitatory_Cells:0:49 
edge:Excitatory_Cells:0:49:Excitatory_Cells:0:49, keys_and_masks:[KeyAndMask:0x40L:0xffffffc0] 
edge:Excitatory_Cells:0:49:Excitatory_Cells:450:499, keys_and_masks:[KeyAndMask:0x40L:0xffffffc0] 
edge:Excitatory_Cells:0:49:Excitatory_Cells:1050:1099, keys_and_masks:[KeyAndMask:0x40L:0xffffffc0] 
edge:Excitatory_Cells:0:49:Excitatory_Cells:1000:1049, keys_and_masks:[KeyAndMask:0x40L:0xffffffc0] 
edge:Excitatory_Cells:0:49:Excitatory_Cells:500:549, keys_and_masks:[KeyAndMask:0x40L:0xffffffc0] 
edge:Excitatory_Cells:0:49:Excitatory_Cells:1100:1149, keys_and_masks:[KeyAndMask:0x40L:0xffffffc0] 
edge:Excitatory_Cells:0:49:Excitatory_Cells:550:599, keys_and_masks:[KeyAndMask:0x40L:0xffffffc0] 
edge:Excitatory_Cells:0:49:Excitatory_Cells:1150:1199, keys_and_masks:[KeyAndMask:0x40L:0xffffffc0] 
edge:Excitatory_Cells:0:49:Excitatory_Cells:600:649, keys_and_masks:[KeyAndMask:0x40L:0xffffffc0] 
edge:Excitatory_Cells:0:49:Excitatory_Cells:50:99, keys_and_masks:[KeyAndMask:0x40L:0xffffffc0] 
edge:Excitatory_Cells:0:49:Excitatory_Cells:650:699, keys_and_masks:[KeyAndMask:0x40L:0xffffffc0] 
edge:Excitatory_Cells:0:49:Excitatory_Cells:100:149, keys_and_masks:[KeyAndMask:0x40L:0xffffffc0] 
edge:Excitatory_Cells:0:49:Excitatory_Cells:700:749, keys_and_masks:[KeyAndMask:0x40L:0xffffffc0] 
edge:Excitatory_Cells:0:49:Excitatory_Cells:150:199, keys_and_masks:[KeyAndMask:0x40L:0xffffffc0] 
edge:Excitatory_Cells:0:49:Excitatory_Cells:750:799, keys_and_masks:[KeyAndMask:0x40L:0xffffffc0] 
edge:Excitatory_Cells:0:49:Excitatory_Cells:200:249, keys_and_masks:[KeyAndMask:0x40L:0xffffffc0] 
edge:Excitatory_Cells:0:49:Excitatory_Cells:800:849, keys_and_masks:[KeyAndMask:0x40L:0xffffffc0] 
edge:Excitatory_Cells:0:49:Excitatory_Cells:250:299, keys_and_masks:[KeyAndMask:0x40L:0xffffffc0] 
edge:Excitatory_Cells:0:49:Excitatory_Cells:850:899, keys_and_masks:[KeyAndMask:0x40L:0xffffffc0] 
edge:Excitatory_Cells:0:49:Excitatory_Cells:300:349, keys_and_masks:[KeyAndMask:0x40L:0xffffffc0] 
edge:Excitatory_Cells:0:49:Excitatory_Cells:900:949, keys_and_masks:[KeyAndMask:0x40L:0xffffffc0] 
edge:Excitatory_Cells:0:49:Excitatory_Cells:350:399, keys_and_masks:[KeyAndMask:0x40L:0xffffffc0] 
edge:Excitatory_Cells:0:49:Excitatory_Cells:950:999, keys_and_masks:[KeyAndMask:0x40L:0xffffffc0] 
edge:Excitatory_Cells:0:49:Excitatory_Cells:400:449, keys_and_masks:[KeyAndMask:0x40L:0xffffffc0] 
edge:Excitatory_Cells:0:49:Inhibitory_Cells:100:149, keys_and_masks:[KeyAndMask:0x40L:0xffffffc0] 
edge:Excitatory_Cells:0:49:Inhibitory_Cells:250:299, keys_and_masks:[KeyAndMask:0x40L:0xffffffc0] 
edge:Excitatory_Cells:0:49:Inhibitory_Cells:0:49, keys_and_masks:[KeyAndMask:0x40L:0xffffffc0] 
edge:Excitatory_Cells:0:49:Inhibitory_Cells:150:199, keys_and_masks:[KeyAndMask:0x40L:0xffffffc0] 
edge:Excitatory_Cells:0:49:Inhibitory_Cells:50:99, keys_and_masks:[KeyAndMask:0x40L:0xffffffc0] 
edge:Excitatory_Cells:0:49:Inhibitory_Cells:200:249, keys_and_masks:[KeyAndMask:0x40L:0xffffffc0] 


Vertex: Excitatory_Cells:500:549 
edge:Excitatory_Cells:500:549:Excitatory_Cells:0:49, keys_and_masks:[KeyAndMask:0x2c0L:0xffffffc0] 
edge:Excitatory_Cells:500:549:Excitatory_Cells:450:499, keys_and_masks:[KeyAndMask:0x2c0L:0xffffffc0] 
edge:Excitatory_Cells:500:549:Excitatory_Cells:1050:1099, keys_and_masks:[KeyAndMask:0x2c0L:0xffffffc0] 
edge:Excitatory_Cells:500:549:Excitatory_Cells:1000:1049, keys_and_masks:[KeyAndMask:0x2c0L:0xffffffc0] 
edge:Excitatory_Cells:500:549:Excitatory_Cells:500:549, keys_and_masks:[KeyAndMask:0x2c0L:0xffffffc0] 
edge:Excitatory_Cells:500:549:Excitatory_Cells:1100:1149, keys_and_masks:[KeyAndMask:0x2c0L:0xffffffc0] 
edge:Excitatory_Cells:500:549:Excitatory_Cells:550:599, keys_and_masks:[KeyAndMask:0x2c0L:0xffffffc0] 
edge:Excitatory_Cells:500:549:Excitatory_Cells:1150:1199, keys_and_masks:[KeyAndMask:0x2c0L:0xffffffc0] 
edge:Excitatory_Cells:500:549:Excitatory_Cells:600:649, keys_and_masks:[KeyAndMask:0x2c0L:0xffffffc0] 
edge:Excitatory_Cells:500:549:Excitatory_Cells:50:99, keys_and_masks:[KeyAndMask:0x2c0L:0xffffffc0] 
edge:Excitatory_Cells:500:549:Excitatory_Cells:650:699, keys_and_masks:[KeyAndMask:0x2c0L:0xffffffc0] 
edge:Excitatory_Cells:500:549:Excitatory_Cells:100:149, keys_and_masks:[KeyAndMask:0x2c0L:0xffffffc0] 
edge:Excitatory_Cells:500:549:Excitatory_Cells:700:749, keys_and_masks:[KeyAndMask:0x2c0L:0xffffffc0] 
edge:Excitatory_Cells:500:549:Excitatory_Cells:150:199, keys_and_masks:[KeyAndMask:0x2c0L:0xffffffc0] 
edge:Excitatory_Cells:500:549:Excitatory_Cells:750:799, keys_and_masks:[KeyAndMask:0x2c0L:0xffffffc0] 
edge:Excitatory_Cells:500:549:Excitatory_Cells:200:249, keys_and_masks:[KeyAndMask:0x2c0L:0xffffffc0] 
edge:Excitatory_Cells:500:549:Excitatory_Cells:800:849, keys_and_masks:[KeyAndMask:0x2c0L:0xffffffc0] 
edge:Excitatory_Cells:500:549:Excitatory_Cells:250:299, keys_and_masks:[KeyAndMask:0x2c0L:0xffffffc0] 
edge:Excitatory_Cells:500:549:Excitatory_Cells:850:899, keys_and_masks:[KeyAndMask:0x2c0L:0xffffffc0] 
edge:Excitatory_Cells:500:549:Excitatory_Cells:300:349, keys_and_masks:[KeyAndMask:0x2c0L:0xffffffc0] 
edge:Excitatory_Cells:500:549:Excitatory_Cells:900:949, keys_and_masks:[KeyAndMask:0x2c0L:0xffffffc0] 
edge:Excitatory_Cells:500:549:Excitatory_Cells:350:399, keys_and_masks:[KeyAndMask:0x2c0L:0xffffffc0] 
edge:Excitatory_Cells:500:549:Excitatory_Cells:950:999, keys_and_masks:[KeyAndMask:0x2c0L:0xffffffc0] 
edge:Excitatory_Cells:500:549:Excitatory_Cells:400:449, keys_and_masks:[KeyAndMask:0x2c0L:0xffffffc0] 
edge:Excitatory_Cells:500:549:Inhibitory_Cells:100:149, keys_and_masks:[KeyAndMask:0x2c0L:0xffffffc0] 
edge:Excitatory_Cells:500:549:Inhibitory_Cells:250:299, keys_and_masks:[KeyAndMask:0x2c0L:0xffffffc0] 
edge:Excitatory_Cells:500:549:Inhibitory_Cells:0:49, keys_and_masks:[KeyAndMask:0x2c0L:0xffffffc0] 
edge:Excitatory_Cells:500:549:Inhibitory_Cells:150:199, keys_and_masks:[KeyAndMask:0x2c0L:0xffffffc0] 
edge:Excitatory_Cells:500:549:Inhibitory_Cells:50:99, keys_and_masks:[KeyAndMask:0x2c0L:0xffffffc0] 
edge:Excitatory_Cells:500:549:Inhibitory_Cells:200:249, keys_and_masks:[KeyAndMask:0x2c0L:0xffffffc0] 


Vertex: Excitatory_Cells:1150:1199 
edge:Excitatory_Cells:1150:1199:Excitatory_Cells:0:49, keys_and_masks:[KeyAndMask:0x600L:0xffffffc0] 
edge:Excitatory_Cells:1150:1199:Excitatory_Cells:450:499, keys_and_masks:[KeyAndMask:0x600L:0xffffffc0] 
edge:Excitatory_Cells:1150:1199:Excitatory_Cells:1050:1099, keys_and_masks:[KeyAndMask:0x600L:0xffffffc0] 
edge:Excitatory_Cells:1150:1199:Excitatory_Cells:1000:1049, keys_and_masks:[KeyAndMask:0x600L:0xffffffc0] 
edge:Excitatory_Cells:1150:1199:Excitatory_Cells:500:549, keys_and_masks:[KeyAndMask:0x600L:0xffffffc0] 
edge:Excitatory_Cells:1150:1199:Excitatory_Cells:1100:1149, keys_and_masks:[KeyAndMask:0x600L:0xffffffc0] 
edge:Excitatory_Cells:1150:1199:Excitatory_Cells:550:599, keys_and_masks:[KeyAndMask:0x600L:0xffffffc0] 
edge:Excitatory_Cells:1150:1199:Excitatory_Cells:1150:1199, keys_and_masks:[KeyAndMask:0x600L:0xffffffc0] 
edge:Excitatory_Cells:1150:1199:Excitatory_Cells:600:649, keys_and_masks:[KeyAndMask:0x600L:0xffffffc0] 
edge:Excitatory_Cells:1150:1199:Excitatory_Cells:50:99, keys_and_masks:[KeyAndMask:0x600L:0xffffffc0] 
edge:Excitatory_Cells:1150:1199:Excitatory_Cells:650:699, keys_and_masks:[KeyAndMask:0x600L:0xffffffc0] 
edge:Excitatory_Cells:1150:1199:Excitatory_Cells:100:149, keys_and_masks:[KeyAndMask:0x600L:0xffffffc0] 
edge:Excitatory_Cells:1150:1199:Excitatory_Cells:700:749, keys_and_masks:[KeyAndMask:0x600L:0xffffffc0] 
edge:Excitatory_Cells:1150:1199:Excitatory_Cells:150:199, keys_and_masks:[KeyAndMask:0x600L:0xffffffc0] 
edge:Excitatory_Cells:1150:1199:Excitatory_Cells:750:799, keys_and_masks:[KeyAndMask:0x600L:0xffffffc0] 
edge:Excitatory_Cells:1150:1199:Excitatory_Cells:200:249, keys_and_masks:[KeyAndMask:0x600L:0xffffffc0] 
edge:Excitatory_Cells:1150:1199:Excitatory_Cells:800:849, keys_and_masks:[KeyAndMask:0x600L:0xffffffc0] 
edge:Excitatory_Cells:1150:1199:Excitatory_Cells:250:299, keys_and_masks:[KeyAndMask:0x600L:0xffffffc0] 
edge:Excitatory_Cells:1150:1199:Excitatory_Cells:850:899, keys_and_masks:[KeyAndMask:0x600L:0xffffffc0] 
edge:Excitatory_Cells:1150:1199:Excitatory_Cells:300:349, keys_and_masks:[KeyAndMask:0x600L:0xffffffc0] 
edge:Excitatory_Cells:1150:1199:Excitatory_Cells:900:949, keys_and_masks:[KeyAndMask:0x600L:0xffffffc0] 
edge:Excitatory_Cells:1150:1199:Excitatory_Cells:350:399, keys_and_masks:[KeyAndMask:0x600L:0xffffffc0] 
edge:Excitatory_Cells:1150:1199:Excitatory_Cells:950:999, keys_and_masks:[KeyAndMask:0x600L:0xffffffc0] 
edge:Excitatory_Cells:1150:1199:Excitatory_Cells:400:449, keys_and_masks:[KeyAndMask:0x600L:0xffffffc0] 
edge:Excitatory_Cells:1150:1199:Inhibitory_Cells:100:149, keys_and_masks:[KeyAndMask:0x600L:0xffffffc0] 
edge:Excitatory_Cells:1150:1199:Inhibitory_Cells:250:299, keys_and_masks:[KeyAndMask:0x600L:0xffffffc0] 
edge:Excitatory_Cells:1150:1199:Inhibitory_Cells:0:49, keys_and_masks:[KeyAndMask:0x600L:0xffffffc0] 
edge:Excitatory_Cells:1150:1199:Inhibitory_Cells:150:199, keys_and_masks:[KeyAndMask:0x600L:0xffffffc0] 
edge:Excitatory_Cells:1150:1199:Inhibitory_Cells:50:99, keys_and_masks:[KeyAndMask:0x600L:0xffffffc0] 
edge:Excitatory_Cells:1150:1199:Inhibitory_Cells:200:249, keys_and_masks:[KeyAndMask:0x600L:0xffffffc0] 


Vertex: Inhibitory_Cells:150:199 
edge:Inhibitory_Cells:150:199:Excitatory_Cells:0:49, keys_and_masks:[KeyAndMask:0x700L:0xffffffc0] 
edge:Inhibitory_Cells:150:199:Excitatory_Cells:450:499, keys_and_masks:[KeyAndMask:0x700L:0xffffffc0] 
edge:Inhibitory_Cells:150:199:Excitatory_Cells:1050:1099, keys_and_masks:[KeyAndMask:0x700L:0xffffffc0] 
edge:Inhibitory_Cells:150:199:Excitatory_Cells:1000:1049, keys_and_masks:[KeyAndMask:0x700L:0xffffffc0] 
edge:Inhibitory_Cells:150:199:Excitatory_Cells:500:549, keys_and_masks:[KeyAndMask:0x700L:0xffffffc0] 
edge:Inhibitory_Cells:150:199:Excitatory_Cells:1100:1149, keys_and_masks:[KeyAndMask:0x700L:0xffffffc0] 
edge:Inhibitory_Cells:150:199:Excitatory_Cells:550:599, keys_and_masks:[KeyAndMask:0x700L:0xffffffc0] 
edge:Inhibitory_Cells:150:199:Excitatory_Cells:1150:1199, keys_and_masks:[KeyAndMask:0x700L:0xffffffc0] 
edge:Inhibitory_Cells:150:199:Excitatory_Cells:600:649, keys_and_masks:[KeyAndMask:0x700L:0xffffffc0] 
edge:Inhibitory_Cells:150:199:Excitatory_Cells:50:99, keys_and_masks:[KeyAndMask:0x700L:0xffffffc0] 
edge:Inhibitory_Cells:150:199:Excitatory_Cells:650:699, keys_and_masks:[KeyAndMask:0x700L:0xffffffc0] 
edge:Inhibitory_Cells:150:199:Excitatory_Cells:100:149, keys_and_masks:[KeyAndMask:0x700L:0xffffffc0] 
edge:Inhibitory_Cells:150:199:Excitatory_Cells:700:749, keys_and_masks:[KeyAndMask:0x700L:0xffffffc0] 
edge:Inhibitory_Cells:150:199:Excitatory_Cells:150:199, keys_and_masks:[KeyAndMask:0x700L:0xffffffc0] 
edge:Inhibitory_Cells:150:199:Excitatory_Cells:750:799, keys_and_masks:[KeyAndMask:0x700L:0xffffffc0] 
edge:Inhibitory_Cells:150:199:Excitatory_Cells:200:249, keys_and_masks:[KeyAndMask:0x700L:0xffffffc0] 
edge:Inhibitory_Cells:150:199:Excitatory_Cells:800:849, keys_and_masks:[KeyAndMask:0x700L:0xffffffc0] 
edge:Inhibitory_Cells:150:199:Excitatory_Cells:250:299, keys_and_masks:[KeyAndMask:0x700L:0xffffffc0] 
edge:Inhibitory_Cells:150:199:Excitatory_Cells:850:899, keys_and_masks:[KeyAndMask:0x700L:0xffffffc0] 
edge:Inhibitory_Cells:150:199:Excitatory_Cells:300:349, keys_and_masks:[KeyAndMask:0x700L:0xffffffc0] 
edge:Inhibitory_Cells:150:199:Excitatory_Cells:900:949, keys_and_masks:[KeyAndMask:0x700L:0xffffffc0] 
edge:Inhibitory_Cells:150:199:Excitatory_Cells:350:399, keys_and_masks:[KeyAndMask:0x700L:0xffffffc0] 
edge:Inhibitory_Cells:150:199:Excitatory_Cells:950:999, keys_and_masks:[KeyAndMask:0x700L:0xffffffc0] 
edge:Inhibitory_Cells:150:199:Excitatory_Cells:400:449, keys_and_masks:[KeyAndMask:0x700L:0xffffffc0] 
edge:Inhibitory_Cells:150:199:Inhibitory_Cells:100:149, keys_and_masks:[KeyAndMask:0x700L:0xffffffc0] 
edge:Inhibitory_Cells:150:199:Inhibitory_Cells:250:299, keys_and_masks:[KeyAndMask:0x700L:0xffffffc0] 
edge:Inhibitory_Cells:150:199:Inhibitory_Cells:0:49, keys_and_masks:[KeyAndMask:0x700L:0xffffffc0] 
edge:Inhibitory_Cells:150:199:Inhibitory_Cells:150:199, keys_and_masks:[KeyAndMask:0x700L:0xffffffc0] 
edge:Inhibitory_Cells:150:199:Inhibitory_Cells:50:99, keys_and_masks:[KeyAndMask:0x700L:0xffffffc0] 
edge:Inhibitory_Cells:150:199:Inhibitory_Cells:200:249, keys_and_masks:[KeyAndMask:0x700L:0xffffffc0] 


Vertex: Excitatory_Cells:450:499 
edge:Excitatory_Cells:450:499:Excitatory_Cells:0:49, keys_and_masks:[KeyAndMask:0x280L:0xffffffc0] 
edge:Excitatory_Cells:450:499:Excitatory_Cells:450:499, keys_and_masks:[KeyAndMask:0x280L:0xffffffc0] 
edge:Excitatory_Cells:450:499:Excitatory_Cells:1050:1099, keys_and_masks:[KeyAndMask:0x280L:0xffffffc0] 
edge:Excitatory_Cells:450:499:Excitatory_Cells:1000:1049, keys_and_masks:[KeyAndMask:0x280L:0xffffffc0] 
edge:Excitatory_Cells:450:499:Excitatory_Cells:500:549, keys_and_masks:[KeyAndMask:0x280L:0xffffffc0] 
edge:Excitatory_Cells:450:499:Excitatory_Cells:1100:1149, keys_and_masks:[KeyAndMask:0x280L:0xffffffc0] 
edge:Excitatory_Cells:450:499:Excitatory_Cells:550:599, keys_and_masks:[KeyAndMask:0x280L:0xffffffc0] 
edge:Excitatory_Cells:450:499:Excitatory_Cells:1150:1199, keys_and_masks:[KeyAndMask:0x280L:0xffffffc0] 
edge:Excitatory_Cells:450:499:Excitatory_Cells:600:649, keys_and_masks:[KeyAndMask:0x280L:0xffffffc0] 
edge:Excitatory_Cells:450:499:Excitatory_Cells:50:99, keys_and_masks:[KeyAndMask:0x280L:0xffffffc0] 
edge:Excitatory_Cells:450:499:Excitatory_Cells:650:699, keys_and_masks:[KeyAndMask:0x280L:0xffffffc0] 
edge:Excitatory_Cells:450:499:Excitatory_Cells:100:149, keys_and_masks:[KeyAndMask:0x280L:0xffffffc0] 
edge:Excitatory_Cells:450:499:Excitatory_Cells:700:749, keys_and_masks:[KeyAndMask:0x280L:0xffffffc0] 
edge:Excitatory_Cells:450:499:Excitatory_Cells:150:199, keys_and_masks:[KeyAndMask:0x280L:0xffffffc0] 
edge:Excitatory_Cells:450:499:Excitatory_Cells:750:799, keys_and_masks:[KeyAndMask:0x280L:0xffffffc0] 
edge:Excitatory_Cells:450:499:Excitatory_Cells:200:249, keys_and_masks:[KeyAndMask:0x280L:0xffffffc0] 
edge:Excitatory_Cells:450:499:Excitatory_Cells:800:849, keys_and_masks:[KeyAndMask:0x280L:0xffffffc0] 
edge:Excitatory_Cells:450:499:Excitatory_Cells:250:299, keys_and_masks:[KeyAndMask:0x280L:0xffffffc0] 
edge:Excitatory_Cells:450:499:Excitatory_Cells:850:899, keys_and_masks:[KeyAndMask:0x280L:0xffffffc0] 
edge:Excitatory_Cells:450:499:Excitatory_Cells:300:349, keys_and_masks:[KeyAndMask:0x280L:0xffffffc0] 
edge:Excitatory_Cells:450:499:Excitatory_Cells:900:949, keys_and_masks:[KeyAndMask:0x280L:0xffffffc0] 
edge:Excitatory_Cells:450:499:Excitatory_Cells:350:399, keys_and_masks:[KeyAndMask:0x280L:0xffffffc0] 
edge:Excitatory_Cells:450:499:Excitatory_Cells:950:999, keys_and_masks:[KeyAndMask:0x280L:0xffffffc0] 
edge:Excitatory_Cells:450:499:Excitatory_Cells:400:449, keys_and_masks:[KeyAndMask:0x280L:0xffffffc0] 
edge:Excitatory_Cells:450:499:Inhibitory_Cells:100:149, keys_and_masks:[KeyAndMask:0x280L:0xffffffc0] 
edge:Excitatory_Cells:450:499:Inhibitory_Cells:250:299, keys_and_masks:[KeyAndMask:0x280L:0xffffffc0] 
edge:Excitatory_Cells:450:499:Inhibitory_Cells:0:49, keys_and_masks:[KeyAndMask:0x280L:0xffffffc0] 
edge:Excitatory_Cells:450:499:Inhibitory_Cells:150:199, keys_and_masks:[KeyAndMask:0x280L:0xffffffc0] 
edge:Excitatory_Cells:450:499:Inhibitory_Cells:50:99, keys_and_masks:[KeyAndMask:0x280L:0xffffffc0] 
edge:Excitatory_Cells:450:499:Inhibitory_Cells:200:249, keys_and_masks:[KeyAndMask:0x280L:0xffffffc0] 


Vertex: Excitatory_Cells:150:199 
edge:Excitatory_Cells:150:199:Excitatory_Cells:0:49, keys_and_masks:[KeyAndMask:0x100L:0xffffffc0] 
edge:Excitatory_Cells:150:199:Excitatory_Cells:450:499, keys_and_masks:[KeyAndMask:0x100L:0xffffffc0] 
edge:Excitatory_Cells:150:199:Excitatory_Cells:1050:1099, keys_and_masks:[KeyAndMask:0x100L:0xffffffc0] 
edge:Excitatory_Cells:150:199:Excitatory_Cells:1000:1049, keys_and_masks:[KeyAndMask:0x100L:0xffffffc0] 
edge:Excitatory_Cells:150:199:Excitatory_Cells:500:549, keys_and_masks:[KeyAndMask:0x100L:0xffffffc0] 
edge:Excitatory_Cells:150:199:Excitatory_Cells:1100:1149, keys_and_masks:[KeyAndMask:0x100L:0xffffffc0] 
edge:Excitatory_Cells:150:199:Excitatory_Cells:550:599, keys_and_masks:[KeyAndMask:0x100L:0xffffffc0] 
edge:Excitatory_Cells:150:199:Excitatory_Cells:1150:1199, keys_and_masks:[KeyAndMask:0x100L:0xffffffc0] 
edge:Excitatory_Cells:150:199:Excitatory_Cells:600:649, keys_and_masks:[KeyAndMask:0x100L:0xffffffc0] 
edge:Excitatory_Cells:150:199:Excitatory_Cells:50:99, keys_and_masks:[KeyAndMask:0x100L:0xffffffc0] 
edge:Excitatory_Cells:150:199:Excitatory_Cells:650:699, keys_and_masks:[KeyAndMask:0x100L:0xffffffc0] 
edge:Excitatory_Cells:150:199:Excitatory_Cells:100:149, keys_and_masks:[KeyAndMask:0x100L:0xffffffc0] 
edge:Excitatory_Cells:150:199:Excitatory_Cells:700:749, keys_and_masks:[KeyAndMask:0x100L:0xffffffc0] 
edge:Excitatory_Cells:150:199:Excitatory_Cells:150:199, keys_and_masks:[KeyAndMask:0x100L:0xffffffc0] 
edge:Excitatory_Cells:150:199:Excitatory_Cells:750:799, keys_and_masks:[KeyAndMask:0x100L:0xffffffc0] 
edge:Excitatory_Cells:150:199:Excitatory_Cells:200:249, keys_and_masks:[KeyAndMask:0x100L:0xffffffc0] 
edge:Excitatory_Cells:150:199:Excitatory_Cells:800:849, keys_and_masks:[KeyAndMask:0x100L:0xffffffc0] 
edge:Excitatory_Cells:150:199:Excitatory_Cells:250:299, keys_and_masks:[KeyAndMask:0x100L:0xffffffc0] 
edge:Excitatory_Cells:150:199:Excitatory_Cells:850:899, keys_and_masks:[KeyAndMask:0x100L:0xffffffc0] 
edge:Excitatory_Cells:150:199:Excitatory_Cells:300:349, keys_and_masks:[KeyAndMask:0x100L:0xffffffc0] 
edge:Excitatory_Cells:150:199:Excitatory_Cells:900:949, keys_and_masks:[KeyAndMask:0x100L:0xffffffc0] 
edge:Excitatory_Cells:150:199:Excitatory_Cells:350:399, keys_and_masks:[KeyAndMask:0x100L:0xffffffc0] 
edge:Excitatory_Cells:150:199:Excitatory_Cells:950:999, keys_and_masks:[KeyAndMask:0x100L:0xffffffc0] 
edge:Excitatory_Cells:150:199:Excitatory_Cells:400:449, keys_and_masks:[KeyAndMask:0x100L:0xffffffc0] 
edge:Excitatory_Cells:150:199:Inhibitory_Cells:100:149, keys_and_masks:[KeyAndMask:0x100L:0xffffffc0] 
edge:Excitatory_Cells:150:199:Inhibitory_Cells:250:299, keys_and_masks:[KeyAndMask:0x100L:0xffffffc0] 
edge:Excitatory_Cells:150:199:Inhibitory_Cells:0:49, keys_and_masks:[KeyAndMask:0x100L:0xffffffc0] 
edge:Excitatory_Cells:150:199:Inhibitory_Cells:150:199, keys_and_masks:[KeyAndMask:0x100L:0xffffffc0] 
edge:Excitatory_Cells:150:199:Inhibitory_Cells:50:99, keys_and_masks:[KeyAndMask:0x100L:0xffffffc0] 
edge:Excitatory_Cells:150:199:Inhibitory_Cells:200:249, keys_and_masks:[KeyAndMask:0x100L:0xffffffc0] 


Vertex: Inhibitory_Cells:50:99 
edge:Inhibitory_Cells:50:99:Excitatory_Cells:0:49, keys_and_masks:[KeyAndMask:0x680L:0xffffffc0] 
edge:Inhibitory_Cells:50:99:Excitatory_Cells:450:499, keys_and_masks:[KeyAndMask:0x680L:0xffffffc0] 
edge:Inhibitory_Cells:50:99:Excitatory_Cells:1050:1099, keys_and_masks:[KeyAndMask:0x680L:0xffffffc0] 
edge:Inhibitory_Cells:50:99:Excitatory_Cells:1000:1049, keys_and_masks:[KeyAndMask:0x680L:0xffffffc0] 
edge:Inhibitory_Cells:50:99:Excitatory_Cells:500:549, keys_and_masks:[KeyAndMask:0x680L:0xffffffc0] 
edge:Inhibitory_Cells:50:99:Excitatory_Cells:1100:1149, keys_and_masks:[KeyAndMask:0x680L:0xffffffc0] 
edge:Inhibitory_Cells:50:99:Excitatory_Cells:550:599, keys_and_masks:[KeyAndMask:0x680L:0xffffffc0] 
edge:Inhibitory_Cells:50:99:Excitatory_Cells:1150:1199, keys_and_masks:[KeyAndMask:0x680L:0xffffffc0] 
edge:Inhibitory_Cells:50:99:Excitatory_Cells:600:649, keys_and_masks:[KeyAndMask:0x680L:0xffffffc0] 
edge:Inhibitory_Cells:50:99:Excitatory_Cells:50:99, keys_and_masks:[KeyAndMask:0x680L:0xffffffc0] 
edge:Inhibitory_Cells:50:99:Excitatory_Cells:650:699, keys_and_masks:[KeyAndMask:0x680L:0xffffffc0] 
edge:Inhibitory_Cells:50:99:Excitatory_Cells:100:149, keys_and_masks:[KeyAndMask:0x680L:0xffffffc0] 
edge:Inhibitory_Cells:50:99:Excitatory_Cells:700:749, keys_and_masks:[KeyAndMask:0x680L:0xffffffc0] 
edge:Inhibitory_Cells:50:99:Excitatory_Cells:150:199, keys_and_masks:[KeyAndMask:0x680L:0xffffffc0] 
edge:Inhibitory_Cells:50:99:Excitatory_Cells:750:799, keys_and_masks:[KeyAndMask:0x680L:0xffffffc0] 
edge:Inhibitory_Cells:50:99:Excitatory_Cells:200:249, keys_and_masks:[KeyAndMask:0x680L:0xffffffc0] 
edge:Inhibitory_Cells:50:99:Excitatory_Cells:800:849, keys_and_masks:[KeyAndMask:0x680L:0xffffffc0] 
edge:Inhibitory_Cells:50:99:Excitatory_Cells:250:299, keys_and_masks:[KeyAndMask:0x680L:0xffffffc0] 
edge:Inhibitory_Cells:50:99:Excitatory_Cells:850:899, keys_and_masks:[KeyAndMask:0x680L:0xffffffc0] 
edge:Inhibitory_Cells:50:99:Excitatory_Cells:300:349, keys_and_masks:[KeyAndMask:0x680L:0xffffffc0] 
edge:Inhibitory_Cells:50:99:Excitatory_Cells:900:949, keys_and_masks:[KeyAndMask:0x680L:0xffffffc0] 
edge:Inhibitory_Cells:50:99:Excitatory_Cells:350:399, keys_and_masks:[KeyAndMask:0x680L:0xffffffc0] 
edge:Inhibitory_Cells:50:99:Excitatory_Cells:950:999, keys_and_masks:[KeyAndMask:0x680L:0xffffffc0] 
edge:Inhibitory_Cells:50:99:Excitatory_Cells:400:449, keys_and_masks:[KeyAndMask:0x680L:0xffffffc0] 
edge:Inhibitory_Cells:50:99:Inhibitory_Cells:100:149, keys_and_masks:[KeyAndMask:0x680L:0xffffffc0] 
edge:Inhibitory_Cells:50:99:Inhibitory_Cells:250:299, keys_and_masks:[KeyAndMask:0x680L:0xffffffc0] 
edge:Inhibitory_Cells:50:99:Inhibitory_Cells:0:49, keys_and_masks:[KeyAndMask:0x680L:0xffffffc0] 
edge:Inhibitory_Cells:50:99:Inhibitory_Cells:150:199, keys_and_masks:[KeyAndMask:0x680L:0xffffffc0] 
edge:Inhibitory_Cells:50:99:Inhibitory_Cells:50:99, keys_and_masks:[KeyAndMask:0x680L:0xffffffc0] 
edge:Inhibitory_Cells:50:99:Inhibitory_Cells:200:249, keys_and_masks:[KeyAndMask:0x680L:0xffffffc0] 


Vertex: Excitatory_Cells:550:599 
edge:Excitatory_Cells:550:599:Excitatory_Cells:0:49, keys_and_masks:[KeyAndMask:0x300L:0xffffffc0] 
edge:Excitatory_Cells:550:599:Excitatory_Cells:450:499, keys_and_masks:[KeyAndMask:0x300L:0xffffffc0] 
edge:Excitatory_Cells:550:599:Excitatory_Cells:1050:1099, keys_and_masks:[KeyAndMask:0x300L:0xffffffc0] 
edge:Excitatory_Cells:550:599:Excitatory_Cells:1000:1049, keys_and_masks:[KeyAndMask:0x300L:0xffffffc0] 
edge:Excitatory_Cells:550:599:Excitatory_Cells:500:549, keys_and_masks:[KeyAndMask:0x300L:0xffffffc0] 
edge:Excitatory_Cells:550:599:Excitatory_Cells:1100:1149, keys_and_masks:[KeyAndMask:0x300L:0xffffffc0] 
edge:Excitatory_Cells:550:599:Excitatory_Cells:550:599, keys_and_masks:[KeyAndMask:0x300L:0xffffffc0] 
edge:Excitatory_Cells:550:599:Excitatory_Cells:1150:1199, keys_and_masks:[KeyAndMask:0x300L:0xffffffc0] 
edge:Excitatory_Cells:550:599:Excitatory_Cells:600:649, keys_and_masks:[KeyAndMask:0x300L:0xffffffc0] 
edge:Excitatory_Cells:550:599:Excitatory_Cells:50:99, keys_and_masks:[KeyAndMask:0x300L:0xffffffc0] 
edge:Excitatory_Cells:550:599:Excitatory_Cells:650:699, keys_and_masks:[KeyAndMask:0x300L:0xffffffc0] 
edge:Excitatory_Cells:550:599:Excitatory_Cells:100:149, keys_and_masks:[KeyAndMask:0x300L:0xffffffc0] 
edge:Excitatory_Cells:550:599:Excitatory_Cells:700:749, keys_and_masks:[KeyAndMask:0x300L:0xffffffc0] 
edge:Excitatory_Cells:550:599:Excitatory_Cells:150:199, keys_and_masks:[KeyAndMask:0x300L:0xffffffc0] 
edge:Excitatory_Cells:550:599:Excitatory_Cells:750:799, keys_and_masks:[KeyAndMask:0x300L:0xffffffc0] 
edge:Excitatory_Cells:550:599:Excitatory_Cells:200:249, keys_and_masks:[KeyAndMask:0x300L:0xffffffc0] 
edge:Excitatory_Cells:550:599:Excitatory_Cells:800:849, keys_and_masks:[KeyAndMask:0x300L:0xffffffc0] 
edge:Excitatory_Cells:550:599:Excitatory_Cells:250:299, keys_and_masks:[KeyAndMask:0x300L:0xffffffc0] 
edge:Excitatory_Cells:550:599:Excitatory_Cells:850:899, keys_and_masks:[KeyAndMask:0x300L:0xffffffc0] 
edge:Excitatory_Cells:550:599:Excitatory_Cells:300:349, keys_and_masks:[KeyAndMask:0x300L:0xffffffc0] 
edge:Excitatory_Cells:550:599:Excitatory_Cells:900:949, keys_and_masks:[KeyAndMask:0x300L:0xffffffc0] 
edge:Excitatory_Cells:550:599:Excitatory_Cells:350:399, keys_and_masks:[KeyAndMask:0x300L:0xffffffc0] 
edge:Excitatory_Cells:550:599:Excitatory_Cells:950:999, keys_and_masks:[KeyAndMask:0x300L:0xffffffc0] 
edge:Excitatory_Cells:550:599:Excitatory_Cells:400:449, keys_and_masks:[KeyAndMask:0x300L:0xffffffc0] 
edge:Excitatory_Cells:550:599:Inhibitory_Cells:100:149, keys_and_masks:[KeyAndMask:0x300L:0xffffffc0] 
edge:Excitatory_Cells:550:599:Inhibitory_Cells:250:299, keys_and_masks:[KeyAndMask:0x300L:0xffffffc0] 
edge:Excitatory_Cells:550:599:Inhibitory_Cells:0:49, keys_and_masks:[KeyAndMask:0x300L:0xffffffc0] 
edge:Excitatory_Cells:550:599:Inhibitory_Cells:150:199, keys_and_masks:[KeyAndMask:0x300L:0xffffffc0] 
edge:Excitatory_Cells:550:599:Inhibitory_Cells:50:99, keys_and_masks:[KeyAndMask:0x300L:0xffffffc0] 
edge:Excitatory_Cells:550:599:Inhibitory_Cells:200:249, keys_and_masks:[KeyAndMask:0x300L:0xffffffc0] 


