        Network Specification
 =====================

Generated: Fri Feb  3 10:27:04 2017 for target machine '192.168.240.36'

*** Vertices:
Vertex Excitatory_Cells, size: 1200
Model: IFCondExp
constraint: PartitionerMaximumSizeConstraint(size=50)

Vertex Inhibitory_Cells, size: 300
Model: IFCondExp
constraint: PartitionerMaximumSizeConstraint(size=50)

Vertex expoisson, size: 20
Model: SpikeSourcePoisson
constraint: PartitionerMaximumSizeConstraint(size=500)

*** Edges:
Edge Projection 4 from vertex: 'expoisson' (20 atoms) to vertex: 'Excitatory_Cells' (1200 atoms)
  Model: No Model

Edge Projection 5 from vertex: 'expoisson' (20 atoms) to vertex: 'Inhibitory_Cells' (300 atoms)
  Model: No Model

Edge Projection 0 from vertex: 'Excitatory_Cells' (1200 atoms) to vertex: 'Excitatory_Cells' (1200 atoms)
  Model: No Model

Edge Projection 1 from vertex: 'Excitatory_Cells' (1200 atoms) to vertex: 'Inhibitory_Cells' (300 atoms)
  Model: No Model

Edge Projection 2 from vertex: 'Inhibitory_Cells' (300 atoms) to vertex: 'Excitatory_Cells' (1200 atoms)
  Model: No Model

Edge Projection 3 from vertex: 'Inhibitory_Cells' (300 atoms) to vertex: 'Inhibitory_Cells' (300 atoms)
  Model: No Model

